2024-06-26 23:07:40,856 [Worker-1: Loading available Gradle versions] INFO  o.e.b.c.i.u.g.PublishedGradleVersions - Gradle version information cache is up-to-date. Trying to read.
2024-06-26 23:12:26,133 [Worker-7: Launching mavenrun-071b088b-05fa-4c6d-bb49-8d40c61e3c22] INFO  o.eclipse.m2e.core.internal.Bundles - getClasspathEntries(Bundle=org.eclipse.m2e.maven.runtime_3.9.500.20231113-2345 [776])
2024-06-26 23:12:26,136 [Worker-7: Launching mavenrun-071b088b-05fa-4c6d-bb49-8d40c61e3c22] INFO  o.eclipse.m2e.core.internal.Bundles - 	Entry: C:\Users\Manis\.p2\pool\plugins\org.eclipse.m2e.maven.runtime_3.9.500.20231113-2345
2024-06-26 23:12:26,136 [Worker-7: Launching mavenrun-071b088b-05fa-4c6d-bb49-8d40c61e3c22] INFO  o.eclipse.m2e.core.internal.Bundles - 	Entry: C:\Users\Manis\.p2\pool\plugins\org.eclipse.m2e.maven.runtime_3.9.500.20231113-2345\jars\aopalliance-1.0.jar
2024-06-26 23:12:26,137 [Worker-7: Launching mavenrun-071b088b-05fa-4c6d-bb49-8d40c61e3c22] INFO  o.eclipse.m2e.core.internal.Bundles - 	Entry: C:\Users\Manis\.p2\pool\plugins\org.eclipse.m2e.maven.runtime_3.9.500.20231113-2345\jars\guice-5.1.0.jar
2024-06-26 23:12:26,137 [Worker-7: Launching mavenrun-071b088b-05fa-4c6d-bb49-8d40c61e3c22] INFO  o.eclipse.m2e.core.internal.Bundles - 	Entry: C:\Users\Manis\.p2\pool\plugins\org.eclipse.m2e.maven.runtime_3.9.500.20231113-2345\jars\httpclient-4.5.14.jar
2024-06-26 23:12:26,137 [Worker-7: Launching mavenrun-071b088b-05fa-4c6d-bb49-8d40c61e3c22] INFO  o.eclipse.m2e.core.internal.Bundles - 	Entry: C:\Users\Manis\.p2\pool\plugins\org.eclipse.m2e.maven.runtime_3.9.500.20231113-2345\jars\httpcore-4.4.16.jar
2024-06-26 23:12:26,138 [Worker-7: Launching mavenrun-071b088b-05fa-4c6d-bb49-8d40c61e3c22] INFO  o.eclipse.m2e.core.internal.Bundles - 	Entry: C:\Users\Manis\.p2\pool\plugins\org.eclipse.m2e.maven.runtime_3.9.500.20231113-2345\jars\jansi-2.4.0.jar
2024-06-26 23:12:26,138 [Worker-7: Launching mavenrun-071b088b-05fa-4c6d-bb49-8d40c61e3c22] INFO  o.eclipse.m2e.core.internal.Bundles - 	Entry: C:\Users\Manis\.p2\pool\plugins\org.eclipse.m2e.maven.runtime_3.9.500.20231113-2345\jars\jcl-over-slf4j-1.7.36.jar
2024-06-26 23:12:26,138 [Worker-7: Launching mavenrun-071b088b-05fa-4c6d-bb49-8d40c61e3c22] INFO  o.eclipse.m2e.core.internal.Bundles - 	Entry: C:\Users\Manis\.p2\pool\plugins\org.eclipse.m2e.maven.runtime_3.9.500.20231113-2345\jars\maven-artifact-3.9.5.jar
2024-06-26 23:12:26,138 [Worker-7: Launching mavenrun-071b088b-05fa-4c6d-bb49-8d40c61e3c22] INFO  o.eclipse.m2e.core.internal.Bundles - 	Entry: C:\Users\Manis\.p2\pool\plugins\org.eclipse.m2e.maven.runtime_3.9.500.20231113-2345\jars\maven-builder-support-3.9.5.jar
2024-06-26 23:12:26,138 [Worker-7: Launching mavenrun-071b088b-05fa-4c6d-bb49-8d40c61e3c22] INFO  o.eclipse.m2e.core.internal.Bundles - 	Entry: C:\Users\Manis\.p2\pool\plugins\org.eclipse.m2e.maven.runtime_3.9.500.20231113-2345\jars\maven-compat-3.9.5.jar
2024-06-26 23:12:26,139 [Worker-7: Launching mavenrun-071b088b-05fa-4c6d-bb49-8d40c61e3c22] INFO  o.eclipse.m2e.core.internal.Bundles - 	Entry: C:\Users\Manis\.p2\pool\plugins\org.eclipse.m2e.maven.runtime_3.9.500.20231113-2345\jars\maven-core-3.9.5.jar
2024-06-26 23:12:26,139 [Worker-7: Launching mavenrun-071b088b-05fa-4c6d-bb49-8d40c61e3c22] INFO  o.eclipse.m2e.core.internal.Bundles - 	Entry: C:\Users\Manis\.p2\pool\plugins\org.eclipse.m2e.maven.runtime_3.9.500.20231113-2345\jars\maven-embedder-3.9.5.jar
2024-06-26 23:12:26,139 [Worker-7: Launching mavenrun-071b088b-05fa-4c6d-bb49-8d40c61e3c22] INFO  o.eclipse.m2e.core.internal.Bundles - 	Entry: C:\Users\Manis\.p2\pool\plugins\org.eclipse.m2e.maven.runtime_3.9.500.20231113-2345\jars\maven-model-3.9.5.jar
2024-06-26 23:12:26,139 [Worker-7: Launching mavenrun-071b088b-05fa-4c6d-bb49-8d40c61e3c22] INFO  o.eclipse.m2e.core.internal.Bundles - 	Entry: C:\Users\Manis\.p2\pool\plugins\org.eclipse.m2e.maven.runtime_3.9.500.20231113-2345\jars\maven-model-builder-3.9.5.jar
2024-06-26 23:12:26,139 [Worker-7: Launching mavenrun-071b088b-05fa-4c6d-bb49-8d40c61e3c22] INFO  o.eclipse.m2e.core.internal.Bundles - 	Entry: C:\Users\Manis\.p2\pool\plugins\org.eclipse.m2e.maven.runtime_3.9.500.20231113-2345\jars\maven-plugin-api-3.9.5.jar
2024-06-26 23:12:26,139 [Worker-7: Launching mavenrun-071b088b-05fa-4c6d-bb49-8d40c61e3c22] INFO  o.eclipse.m2e.core.internal.Bundles - 	Entry: C:\Users\Manis\.p2\pool\plugins\org.eclipse.m2e.maven.runtime_3.9.500.20231113-2345\jars\maven-repository-metadata-3.9.5.jar
2024-06-26 23:12:26,139 [Worker-7: Launching mavenrun-071b088b-05fa-4c6d-bb49-8d40c61e3c22] INFO  o.eclipse.m2e.core.internal.Bundles - 	Entry: C:\Users\Manis\.p2\pool\plugins\org.eclipse.m2e.maven.runtime_3.9.500.20231113-2345\jars\maven-resolver-api-1.9.16.jar
2024-06-26 23:12:26,139 [Worker-7: Launching mavenrun-071b088b-05fa-4c6d-bb49-8d40c61e3c22] INFO  o.eclipse.m2e.core.internal.Bundles - 	Entry: C:\Users\Manis\.p2\pool\plugins\org.eclipse.m2e.maven.runtime_3.9.500.20231113-2345\jars\maven-resolver-connector-basic-1.9.16.jar
2024-06-26 23:12:26,139 [Worker-7: Launching mavenrun-071b088b-05fa-4c6d-bb49-8d40c61e3c22] INFO  o.eclipse.m2e.core.internal.Bundles - 	Entry: C:\Users\Manis\.p2\pool\plugins\org.eclipse.m2e.maven.runtime_3.9.500.20231113-2345\jars\maven-resolver-impl-1.9.16.jar
2024-06-26 23:12:26,139 [Worker-7: Launching mavenrun-071b088b-05fa-4c6d-bb49-8d40c61e3c22] INFO  o.eclipse.m2e.core.internal.Bundles - 	Entry: C:\Users\Manis\.p2\pool\plugins\org.eclipse.m2e.maven.runtime_3.9.500.20231113-2345\jars\maven-resolver-named-locks-1.9.16.jar
2024-06-26 23:12:26,139 [Worker-7: Launching mavenrun-071b088b-05fa-4c6d-bb49-8d40c61e3c22] INFO  o.eclipse.m2e.core.internal.Bundles - 	Entry: C:\Users\Manis\.p2\pool\plugins\org.eclipse.m2e.maven.runtime_3.9.500.20231113-2345\jars\maven-resolver-provider-3.9.5.jar
2024-06-26 23:12:26,140 [Worker-7: Launching mavenrun-071b088b-05fa-4c6d-bb49-8d40c61e3c22] INFO  o.eclipse.m2e.core.internal.Bundles - 	Entry: C:\Users\Manis\.p2\pool\plugins\org.eclipse.m2e.maven.runtime_3.9.500.20231113-2345\jars\maven-resolver-spi-1.9.16.jar
2024-06-26 23:12:26,140 [Worker-7: Launching mavenrun-071b088b-05fa-4c6d-bb49-8d40c61e3c22] INFO  o.eclipse.m2e.core.internal.Bundles - 	Entry: C:\Users\Manis\.p2\pool\plugins\org.eclipse.m2e.maven.runtime_3.9.500.20231113-2345\jars\maven-resolver-transport-file-1.9.16.jar
2024-06-26 23:12:26,140 [Worker-7: Launching mavenrun-071b088b-05fa-4c6d-bb49-8d40c61e3c22] INFO  o.eclipse.m2e.core.internal.Bundles - 	Entry: C:\Users\Manis\.p2\pool\plugins\org.eclipse.m2e.maven.runtime_3.9.500.20231113-2345\jars\maven-resolver-transport-http-1.9.16.jar
2024-06-26 23:12:26,140 [Worker-7: Launching mavenrun-071b088b-05fa-4c6d-bb49-8d40c61e3c22] INFO  o.eclipse.m2e.core.internal.Bundles - 	Entry: C:\Users\Manis\.p2\pool\plugins\org.eclipse.m2e.maven.runtime_3.9.500.20231113-2345\jars\maven-resolver-transport-wagon-1.9.16.jar
2024-06-26 23:12:26,140 [Worker-7: Launching mavenrun-071b088b-05fa-4c6d-bb49-8d40c61e3c22] INFO  o.eclipse.m2e.core.internal.Bundles - 	Entry: C:\Users\Manis\.p2\pool\plugins\org.eclipse.m2e.maven.runtime_3.9.500.20231113-2345\jars\maven-resolver-util-1.9.16.jar
2024-06-26 23:12:26,141 [Worker-7: Launching mavenrun-071b088b-05fa-4c6d-bb49-8d40c61e3c22] INFO  o.eclipse.m2e.core.internal.Bundles - 	Entry: C:\Users\Manis\.p2\pool\plugins\org.eclipse.m2e.maven.runtime_3.9.500.20231113-2345\jars\maven-settings-3.9.5.jar
2024-06-26 23:12:26,141 [Worker-7: Launching mavenrun-071b088b-05fa-4c6d-bb49-8d40c61e3c22] INFO  o.eclipse.m2e.core.internal.Bundles - 	Entry: C:\Users\Manis\.p2\pool\plugins\org.eclipse.m2e.maven.runtime_3.9.500.20231113-2345\jars\maven-settings-builder-3.9.5.jar
2024-06-26 23:12:26,141 [Worker-7: Launching mavenrun-071b088b-05fa-4c6d-bb49-8d40c61e3c22] INFO  o.eclipse.m2e.core.internal.Bundles - 	Entry: C:\Users\Manis\.p2\pool\plugins\org.eclipse.m2e.maven.runtime_3.9.500.20231113-2345\jars\maven-shared-utils-3.3.4.jar
2024-06-26 23:12:26,141 [Worker-7: Launching mavenrun-071b088b-05fa-4c6d-bb49-8d40c61e3c22] INFO  o.eclipse.m2e.core.internal.Bundles - 	Entry: C:\Users\Manis\.p2\pool\plugins\org.eclipse.m2e.maven.runtime_3.9.500.20231113-2345\jars\org.eclipse.sisu.inject-0.3.5.jar
2024-06-26 23:12:26,141 [Worker-7: Launching mavenrun-071b088b-05fa-4c6d-bb49-8d40c61e3c22] INFO  o.eclipse.m2e.core.internal.Bundles - 	Entry: C:\Users\Manis\.p2\pool\plugins\org.eclipse.m2e.maven.runtime_3.9.500.20231113-2345\jars\org.eclipse.sisu.plexus-0.3.5.jar
2024-06-26 23:12:26,141 [Worker-7: Launching mavenrun-071b088b-05fa-4c6d-bb49-8d40c61e3c22] INFO  o.eclipse.m2e.core.internal.Bundles - 	Entry: C:\Users\Manis\.p2\pool\plugins\org.eclipse.m2e.maven.runtime_3.9.500.20231113-2345\jars\plexus-build-api-0.0.7.jar
2024-06-26 23:12:26,141 [Worker-7: Launching mavenrun-071b088b-05fa-4c6d-bb49-8d40c61e3c22] INFO  o.eclipse.m2e.core.internal.Bundles - 	Entry: C:\Users\Manis\.p2\pool\plugins\org.eclipse.m2e.maven.runtime_3.9.500.20231113-2345\jars\plexus-cipher-2.0.jar
2024-06-26 23:12:26,142 [Worker-7: Launching mavenrun-071b088b-05fa-4c6d-bb49-8d40c61e3c22] INFO  o.eclipse.m2e.core.internal.Bundles - 	Entry: C:\Users\Manis\.p2\pool\plugins\org.eclipse.m2e.maven.runtime_3.9.500.20231113-2345\jars\plexus-classworlds-2.7.0.jar
2024-06-26 23:12:26,142 [Worker-7: Launching mavenrun-071b088b-05fa-4c6d-bb49-8d40c61e3c22] INFO  o.eclipse.m2e.core.internal.Bundles - 	Entry: C:\Users\Manis\.p2\pool\plugins\org.eclipse.m2e.maven.runtime_3.9.500.20231113-2345\jars\plexus-component-annotations-2.1.0.jar
2024-06-26 23:12:26,142 [Worker-7: Launching mavenrun-071b088b-05fa-4c6d-bb49-8d40c61e3c22] INFO  o.eclipse.m2e.core.internal.Bundles - 	Entry: C:\Users\Manis\.p2\pool\plugins\org.eclipse.m2e.maven.runtime_3.9.500.20231113-2345\jars\plexus-interpolation-1.26.jar
2024-06-26 23:12:26,142 [Worker-7: Launching mavenrun-071b088b-05fa-4c6d-bb49-8d40c61e3c22] INFO  o.eclipse.m2e.core.internal.Bundles - 	Entry: C:\Users\Manis\.p2\pool\plugins\org.eclipse.m2e.maven.runtime_3.9.500.20231113-2345\jars\plexus-sec-dispatcher-2.0.jar
2024-06-26 23:12:26,142 [Worker-7: Launching mavenrun-071b088b-05fa-4c6d-bb49-8d40c61e3c22] INFO  o.eclipse.m2e.core.internal.Bundles - 	Entry: C:\Users\Manis\.p2\pool\plugins\org.eclipse.m2e.maven.runtime_3.9.500.20231113-2345\jars\plexus-utils-3.5.1.jar
2024-06-26 23:12:26,142 [Worker-7: Launching mavenrun-071b088b-05fa-4c6d-bb49-8d40c61e3c22] INFO  o.eclipse.m2e.core.internal.Bundles - 	Entry: C:\Users\Manis\.p2\pool\plugins\org.eclipse.m2e.maven.runtime_3.9.500.20231113-2345\jars\wagon-file-3.5.3.jar
2024-06-26 23:12:26,142 [Worker-7: Launching mavenrun-071b088b-05fa-4c6d-bb49-8d40c61e3c22] INFO  o.eclipse.m2e.core.internal.Bundles - 	Entry: C:\Users\Manis\.p2\pool\plugins\org.eclipse.m2e.maven.runtime_3.9.500.20231113-2345\jars\wagon-http-3.5.3.jar
2024-06-26 23:12:26,142 [Worker-7: Launching mavenrun-071b088b-05fa-4c6d-bb49-8d40c61e3c22] INFO  o.eclipse.m2e.core.internal.Bundles - 	Entry: C:\Users\Manis\.p2\pool\plugins\org.eclipse.m2e.maven.runtime_3.9.500.20231113-2345\jars\wagon-http-shared-3.5.3.jar
2024-06-26 23:12:26,142 [Worker-7: Launching mavenrun-071b088b-05fa-4c6d-bb49-8d40c61e3c22] INFO  o.eclipse.m2e.core.internal.Bundles - 	Entry: C:\Users\Manis\.p2\pool\plugins\org.eclipse.m2e.maven.runtime_3.9.500.20231113-2345\jars\wagon-provider-api-3.5.3.jar
2024-06-26 23:12:26,144 [Worker-7: Launching mavenrun-071b088b-05fa-4c6d-bb49-8d40c61e3c22] INFO  o.eclipse.m2e.core.internal.Bundles - getClasspathEntries(Bundle=com.google.guava_32.1.3.jre [514])
2024-06-26 23:12:26,144 [Worker-7: Launching mavenrun-071b088b-05fa-4c6d-bb49-8d40c61e3c22] INFO  o.eclipse.m2e.core.internal.Bundles - 	Entry: C:\Users\Manis\.p2\pool\plugins\com.google.guava_32.1.3.jre.jar
2024-06-26 23:12:26,144 [Worker-7: Launching mavenrun-071b088b-05fa-4c6d-bb49-8d40c61e3c22] INFO  o.eclipse.m2e.core.internal.Bundles - getClasspathEntries(Bundle=slf4j.api_2.0.11 [947])
2024-06-26 23:12:26,144 [Worker-7: Launching mavenrun-071b088b-05fa-4c6d-bb49-8d40c61e3c22] INFO  o.eclipse.m2e.core.internal.Bundles - 	Entry: C:\Users\Manis\.p2\pool\plugins\slf4j.api_2.0.11.jar
2024-06-26 23:12:26,144 [Worker-7: Launching mavenrun-071b088b-05fa-4c6d-bb49-8d40c61e3c22] INFO  o.eclipse.m2e.core.internal.Bundles - getClasspathEntries(Bundle=javax.inject_1.0.0.v20220405-0441 [18])
2024-06-26 23:12:26,145 [Worker-7: Launching mavenrun-071b088b-05fa-4c6d-bb49-8d40c61e3c22] INFO  o.eclipse.m2e.core.internal.Bundles - 	Entry: C:\Users\Manis\.p2\pool\plugins\javax.inject_1.0.0.v20220405-0441.jar
2024-06-26 23:12:26,145 [Worker-7: Launching mavenrun-071b088b-05fa-4c6d-bb49-8d40c61e3c22] INFO  o.eclipse.m2e.core.internal.Bundles - getClasspathEntries(Bundle=javax.annotation_1.3.5.v20221112-0806 [16])
2024-06-26 23:12:26,145 [Worker-7: Launching mavenrun-071b088b-05fa-4c6d-bb49-8d40c61e3c22] INFO  o.eclipse.m2e.core.internal.Bundles - 	Entry: C:\Users\Manis\.p2\pool\plugins\javax.annotation_1.3.5.v20221112-0806.jar
2024-06-26 23:12:26,145 [Worker-7: Launching mavenrun-071b088b-05fa-4c6d-bb49-8d40c61e3c22] INFO  o.eclipse.m2e.core.internal.Bundles - getClasspathEntries(Bundle=org.apache.commons.cli_1.6.0 [546])
2024-06-26 23:12:26,145 [Worker-7: Launching mavenrun-071b088b-05fa-4c6d-bb49-8d40c61e3c22] INFO  o.eclipse.m2e.core.internal.Bundles - 	Entry: C:\Users\Manis\.p2\pool\plugins\org.apache.commons.cli_1.6.0.jar
2024-06-26 23:12:26,145 [Worker-7: Launching mavenrun-071b088b-05fa-4c6d-bb49-8d40c61e3c22] INFO  o.eclipse.m2e.core.internal.Bundles - getClasspathEntries(Bundle=org.apache.commons.commons-codec_1.16.0 [547])
2024-06-26 23:12:26,145 [Worker-7: Launching mavenrun-071b088b-05fa-4c6d-bb49-8d40c61e3c22] INFO  o.eclipse.m2e.core.internal.Bundles - 	Entry: C:\Users\Manis\.p2\pool\plugins\org.apache.commons.commons-codec_1.16.0.jar
2024-06-26 23:12:26,145 [Worker-7: Launching mavenrun-071b088b-05fa-4c6d-bb49-8d40c61e3c22] INFO  o.eclipse.m2e.core.internal.Bundles - getClasspathEntries(Bundle=org.apache.commons.lang3_3.13.0 [550])
2024-06-26 23:12:26,146 [Worker-7: Launching mavenrun-071b088b-05fa-4c6d-bb49-8d40c61e3c22] INFO  o.eclipse.m2e.core.internal.Bundles - 	Entry: C:\Users\Manis\.p2\pool\plugins\org.apache.commons.lang3_3.13.0.jar
2024-06-26 23:12:26,146 [Worker-7: Launching mavenrun-071b088b-05fa-4c6d-bb49-8d40c61e3c22] INFO  o.eclipse.m2e.core.internal.Bundles - getClasspathEntries(Bundle=com.google.guava.failureaccess_1.0.2 [515])
2024-06-26 23:12:26,146 [Worker-7: Launching mavenrun-071b088b-05fa-4c6d-bb49-8d40c61e3c22] INFO  o.eclipse.m2e.core.internal.Bundles - 	Entry: C:\Users\Manis\.p2\pool\plugins\com.google.guava.failureaccess_1.0.2.jar
2024-06-26 23:12:26,156 [Worker-7: Launching mavenrun-071b088b-05fa-4c6d-bb49-8d40c61e3c22] INFO  o.e.m.i.launch.MavenLaunchDelegate - Run build in "C:\Users\Manis\AppData\Local\Temp\m2e-archetypeGenerator3352845325025240377":
2024-06-26 23:12:26,164 [Worker-7: Launching mavenrun-071b088b-05fa-4c6d-bb49-8d40c61e3c22] INFO  o.e.m.i.launch.MavenLaunchDelegate -  mvn  -DarchetypeGroupId=org.apache.maven.archetypes -DarchetypeArtifactId=maven-archetype-quickstart -DarchetypeVersion=1.4 -DgroupId=RestTesting -DartifactId=RestTesting -Dversion=0.0.1-SNAPSHOT -Dpackage=RestTesting.RestTesting -DoutputDirectory=D:\EclipseProjectTestings\RestAssuredTest -Dstyle.color=always -U archetype:generate
2024-06-26 23:13:54,905 [Worker-9: Creating maven-archetype-quickstart] INFO  o.e.m.c.i.p.ProjectConfigurationManager - Collecting project info '/pom.xml' D:\EclipseProjectTestings\RestAssuredTest\RestTesting\pom.xml
2024-06-26 23:13:57,924 [Worker-9: Creating maven-archetype-quickstart] INFO  o.e.m.c.i.l.LifecycleMappingFactory - Using org.eclipse.m2e.jdt.JarLifecycleMapping lifecycle mapping for MavenProject: RestTesting:RestTesting:0.0.1-SNAPSHOT @ D:\EclipseProjectTestings\RestAssuredTest\RestTesting\pom.xml.
2024-06-26 23:13:59,531 [Worker-9: Creating maven-archetype-quickstart] INFO  o.e.m.j.i.AbstractJavaProjectConfigurator - Adding source folder /RestTesting/src/main/java
2024-06-26 23:13:59,533 [Worker-9: Creating maven-archetype-quickstart] INFO  o.e.m.j.i.AbstractJavaProjectConfigurator - Adding resource folder /RestTesting/src/main/resources
2024-06-26 23:13:59,544 [Worker-9: Creating maven-archetype-quickstart] INFO  o.e.m.j.i.AbstractJavaProjectConfigurator - Adding source folder /RestTesting/src/test/java
2024-06-26 23:13:59,545 [Worker-9: Creating maven-archetype-quickstart] INFO  o.e.m.j.i.AbstractJavaProjectConfigurator - Adding resource folder /RestTesting/src/test/resources
2024-06-26 23:14:00,002 [Worker-9: Creating maven-archetype-quickstart] INFO  o.e.m.c.i.p.ProjectConfigurationManager - Imported and configured 1 project(s) in 5 sec
2024-06-26 23:14:00,860 [Worker-33: Building] INFO  o.e.m.c.i.embedder.EclipseLogger - Using 'UTF-8' encoding to copy filtered resources.
2024-06-26 23:14:00,860 [Worker-33: Building] INFO  o.e.m.c.i.embedder.EclipseLogger - skip non existing resourceDirectory D:\EclipseProjectTestings\RestAssuredTest\RestTesting\src\main\resources
2024-06-26 23:14:00,865 [Worker-33: Building] INFO  o.e.m.c.i.embedder.EclipseLogger - Using 'UTF-8' encoding to copy filtered resources.
2024-06-26 23:14:00,865 [Worker-33: Building] INFO  o.e.m.c.i.embedder.EclipseLogger - skip non existing resourceDirectory D:\EclipseProjectTestings\RestAssuredTest\RestTesting\src\test\resources
2024-06-26 23:14:34,838 [Worker-46: https://cdn.spring.io/spring-tools/release/TOOLS/sts4/update/4.23.1.RELEASE/e4.30/artifacts.xml.xz] INFO  o.a.h.c.h.i.c.HttpRequestRetryExec - Recoverable I/O exception (org.apache.hc.core5.http.NoHttpResponseException) caught when processing request to {s}->https://cdn.spring.io:443
2024-06-26 23:16:41,164 [Worker-52: Updating Maven Project] INFO  o.e.m.c.i.p.ProjectConfigurationManager - Update started
2024-06-26 23:16:41,474 [Worker-52: Updating Maven Project] INFO  o.e.m.c.i.l.LifecycleMappingFactory - Using org.eclipse.m2e.jdt.JarLifecycleMapping lifecycle mapping for MavenProject: RestTesting:RestTesting:0.0.1-SNAPSHOT @ D:\EclipseProjectTestings\RestAssuredTest\RestTesting\pom.xml.
2024-06-26 23:16:41,620 [Worker-52: Updating Maven Project] INFO  o.e.m.j.i.AbstractJavaProjectConfigurator - Adding source folder /RestTesting/src/main/java
2024-06-26 23:16:41,620 [Worker-52: Updating Maven Project] INFO  o.e.m.j.i.AbstractJavaProjectConfigurator - Adding resource folder /RestTesting/src/main/resources
2024-06-26 23:16:41,621 [Worker-52: Updating Maven Project] INFO  o.e.m.j.i.AbstractJavaProjectConfigurator - Adding source folder /RestTesting/src/test/java
2024-06-26 23:16:41,621 [Worker-52: Updating Maven Project] INFO  o.e.m.j.i.AbstractJavaProjectConfigurator - Adding resource folder /RestTesting/src/test/resources
2024-06-26 23:16:41,696 [Worker-52: Updating Maven Project] INFO  o.e.m.c.i.p.ProjectConfigurationManager - Update completed for 1 poms: local refresh takes 0.00 sec, refresh facades takes 0.00 sec, update config takes 0.00 sec 
2024-06-26 23:16:41,843 [Worker-42: Building] INFO  o.e.m.c.i.embedder.EclipseLogger - Using 'UTF-8' encoding to copy filtered resources.
2024-06-26 23:16:41,843 [Worker-42: Building] INFO  o.e.m.c.i.embedder.EclipseLogger - skip non existing resourceDirectory D:\EclipseProjectTestings\RestAssuredTest\RestTesting\src\main\resources
2024-06-26 23:16:41,848 [Worker-42: Building] INFO  o.e.m.c.i.embedder.EclipseLogger - Using 'UTF-8' encoding to copy filtered resources.
2024-06-26 23:16:41,848 [Worker-42: Building] INFO  o.e.m.c.i.embedder.EclipseLogger - skip non existing resourceDirectory D:\EclipseProjectTestings\RestAssuredTest\RestTesting\src\test\resources
2024-06-26 23:17:21,997 [Worker-42: Updating Maven Project] INFO  o.e.m.c.i.p.ProjectConfigurationManager - Update started
2024-06-26 23:17:22,284 [Worker-42: Updating Maven Project] INFO  o.e.m.c.i.l.LifecycleMappingFactory - Using org.eclipse.m2e.jdt.JarLifecycleMapping lifecycle mapping for MavenProject: RestTesting:RestTesting:0.0.1-SNAPSHOT @ D:\EclipseProjectTestings\RestAssuredTest\RestTesting\pom.xml.
2024-06-26 23:17:22,392 [Worker-42: Updating Maven Project] INFO  o.e.m.j.i.AbstractJavaProjectConfigurator - Adding source folder /RestTesting/src/main/java
2024-06-26 23:17:22,392 [Worker-42: Updating Maven Project] INFO  o.e.m.j.i.AbstractJavaProjectConfigurator - Adding resource folder /RestTesting/src/main/resources
2024-06-26 23:17:22,392 [Worker-42: Updating Maven Project] INFO  o.e.m.j.i.AbstractJavaProjectConfigurator - Adding source folder /RestTesting/src/test/java
2024-06-26 23:17:22,392 [Worker-42: Updating Maven Project] INFO  o.e.m.j.i.AbstractJavaProjectConfigurator - Adding resource folder /RestTesting/src/test/resources
2024-06-26 23:17:22,450 [Worker-42: Updating Maven Project] INFO  o.e.m.c.i.p.ProjectConfigurationManager - Update completed for 1 poms: local refresh takes 0.00 sec, refresh facades takes 0.00 sec, update config takes 0.00 sec 
2024-06-26 23:17:22,588 [Worker-49: Building] INFO  o.e.m.c.i.embedder.EclipseLogger - Using 'UTF-8' encoding to copy filtered resources.
2024-06-26 23:17:22,588 [Worker-49: Building] INFO  o.e.m.c.i.embedder.EclipseLogger - skip non existing resourceDirectory D:\EclipseProjectTestings\RestAssuredTest\RestTesting\src\main\resources
2024-06-26 23:17:22,591 [Worker-49: Building] INFO  o.e.m.c.i.embedder.EclipseLogger - Using 'UTF-8' encoding to copy filtered resources.
2024-06-26 23:17:22,591 [Worker-49: Building] INFO  o.e.m.c.i.embedder.EclipseLogger - skip non existing resourceDirectory D:\EclipseProjectTestings\RestAssuredTest\RestTesting\src\test\resources
2024-06-26 23:18:28,264 [Worker-47: Building] INFO  o.e.m.c.i.l.LifecycleMappingFactory - Using org.eclipse.m2e.jdt.JarLifecycleMapping lifecycle mapping for MavenProject: RestTesting:RestTesting:0.0.1-SNAPSHOT @ D:\EclipseProjectTestings\RestAssuredTest\RestTesting\pom.xml.
2024-06-26 23:18:28,413 [Worker-47: Building] INFO  o.e.m.c.i.embedder.EclipseLogger - Using 'UTF-8' encoding to copy filtered resources.
2024-06-26 23:18:28,413 [Worker-47: Building] INFO  o.e.m.c.i.embedder.EclipseLogger - skip non existing resourceDirectory D:\EclipseProjectTestings\RestAssuredTest\RestTesting\src\main\resources
2024-06-26 23:18:28,416 [Worker-47: Building] INFO  o.e.m.c.i.embedder.EclipseLogger - Using 'UTF-8' encoding to copy filtered resources.
2024-06-26 23:18:28,417 [Worker-47: Building] INFO  o.e.m.c.i.embedder.EclipseLogger - skip non existing resourceDirectory D:\EclipseProjectTestings\RestAssuredTest\RestTesting\src\test\resources
2024-06-26 23:18:48,160 [Worker-38: Updating Maven Project] INFO  o.e.m.c.i.p.ProjectConfigurationManager - Update started
2024-06-26 23:18:48,397 [Worker-38: Updating Maven Project] INFO  o.e.m.c.i.l.LifecycleMappingFactory - Using org.eclipse.m2e.jdt.JarLifecycleMapping lifecycle mapping for MavenProject: RestTesting:RestTesting:0.0.1-SNAPSHOT @ D:\EclipseProjectTestings\RestAssuredTest\RestTesting\pom.xml.
2024-06-26 23:18:48,492 [Worker-38: Updating Maven Project] INFO  o.e.m.j.i.AbstractJavaProjectConfigurator - Adding source folder /RestTesting/src/main/java
2024-06-26 23:18:48,492 [Worker-38: Updating Maven Project] INFO  o.e.m.j.i.AbstractJavaProjectConfigurator - Adding resource folder /RestTesting/src/main/resources
2024-06-26 23:18:48,493 [Worker-38: Updating Maven Project] INFO  o.e.m.j.i.AbstractJavaProjectConfigurator - Adding source folder /RestTesting/src/test/java
2024-06-26 23:18:48,493 [Worker-38: Updating Maven Project] INFO  o.e.m.j.i.AbstractJavaProjectConfigurator - Adding resource folder /RestTesting/src/test/resources
2024-06-26 23:18:48,587 [Worker-38: Updating Maven Project] INFO  o.e.m.c.i.p.ProjectConfigurationManager - Update completed for 1 poms: local refresh takes 0.00 sec, refresh facades takes 0.00 sec, update config takes 0.00 sec 
2024-06-26 23:18:48,728 [Worker-7: Building] INFO  o.e.m.c.i.embedder.EclipseLogger - Using 'UTF-8' encoding to copy filtered resources.
2024-06-26 23:18:48,728 [Worker-7: Building] INFO  o.e.m.c.i.embedder.EclipseLogger - skip non existing resourceDirectory D:\EclipseProjectTestings\RestAssuredTest\RestTesting\src\main\resources
2024-06-26 23:18:48,732 [Worker-7: Building] INFO  o.e.m.c.i.embedder.EclipseLogger - Using 'UTF-8' encoding to copy filtered resources.
2024-06-26 23:18:48,732 [Worker-7: Building] INFO  o.e.m.c.i.embedder.EclipseLogger - skip non existing resourceDirectory D:\EclipseProjectTestings\RestAssuredTest\RestTesting\src\test\resources
2024-06-26 23:19:45,165 [Worker-40: Building] INFO  o.e.m.c.i.l.LifecycleMappingFactory - Using org.eclipse.m2e.jdt.JarLifecycleMapping lifecycle mapping for MavenProject: RestTesting:RestTesting:0.0.1-SNAPSHOT @ D:\EclipseProjectTestings\RestAssuredTest\RestTesting\pom.xml.
2024-06-26 23:19:45,653 [Worker-40: Building] INFO  o.e.m.c.i.embedder.EclipseLogger - Using 'UTF-8' encoding to copy filtered resources.
2024-06-26 23:19:45,653 [Worker-40: Building] INFO  o.e.m.c.i.embedder.EclipseLogger - skip non existing resourceDirectory D:\EclipseProjectTestings\RestAssuredTest\RestTesting\src\main\resources
2024-06-26 23:19:45,656 [Worker-40: Building] INFO  o.e.m.c.i.embedder.EclipseLogger - Using 'UTF-8' encoding to copy filtered resources.
2024-06-26 23:19:45,658 [Worker-40: Building] INFO  o.e.m.c.i.embedder.EclipseLogger - skip non existing resourceDirectory D:\EclipseProjectTestings\RestAssuredTest\RestTesting\src\test\resources
2024-06-26 23:24:10,186 [Worker-44: Building] INFO  o.e.m.c.i.l.LifecycleMappingFactory - Using org.eclipse.m2e.jdt.JarLifecycleMapping lifecycle mapping for MavenProject: RestTesting:RestTesting:0.0.1-SNAPSHOT @ D:\EclipseProjectTestings\RestAssuredTest\RestTesting\pom.xml.
2024-06-26 23:24:10,344 [Worker-44: Building] INFO  o.e.m.c.i.e.AbstractTransferListenerAdapter - Downloading https://repo.maven.apache.org/maven2/org/testng/testng/7.10.2/testng-7.10.2.pom
2024-06-26 23:24:10,357 [Worker-44: Building] INFO  o.e.m.c.i.e.AbstractTransferListenerAdapter - Downloaded https://repo.maven.apache.org/maven2/org/testng/testng/7.10.2/testng-7.10.2.pom
2024-06-26 23:24:10,408 [Worker-44: Building] INFO  o.e.m.c.i.e.AbstractTransferListenerAdapter - Downloading https://repo.maven.apache.org/maven2/org/testng/testng/7.10.2/testng-7.10.2.jar
2024-06-26 23:24:12,005 [Worker-44: Building] INFO  o.e.m.c.i.e.AbstractTransferListenerAdapter - Downloaded https://repo.maven.apache.org/maven2/org/testng/testng/7.10.2/testng-7.10.2.jar
2024-06-26 23:24:12,467 [Worker-44: Building] INFO  o.e.m.c.i.embedder.EclipseLogger - Using 'UTF-8' encoding to copy filtered resources.
2024-06-26 23:24:12,467 [Worker-44: Building] INFO  o.e.m.c.i.embedder.EclipseLogger - skip non existing resourceDirectory D:\EclipseProjectTestings\RestAssuredTest\RestTesting\src\main\resources
2024-06-26 23:24:12,469 [Worker-44: Building] INFO  o.e.m.c.i.embedder.EclipseLogger - Using 'UTF-8' encoding to copy filtered resources.
2024-06-26 23:24:12,470 [Worker-44: Building] INFO  o.e.m.c.i.embedder.EclipseLogger - skip non existing resourceDirectory D:\EclipseProjectTestings\RestAssuredTest\RestTesting\src\test\resources
2024-06-26 23:24:13,235 [Worker-42: Download sources and javadoc] INFO  o.e.m.c.i.e.AbstractTransferListenerAdapter - Downloading https://repo.maven.apache.org/maven2/org/testng/testng/7.10.2/testng-7.10.2-sources.jar
2024-06-26 23:24:13,830 [Worker-42: Download sources and javadoc] INFO  o.e.m.c.i.e.AbstractTransferListenerAdapter - Downloaded https://repo.maven.apache.org/maven2/org/testng/testng/7.10.2/testng-7.10.2-sources.jar
2024-06-26 23:24:13,834 [Worker-42: Download sources and javadoc] INFO  o.e.m.j.internal.DownloadSourcesJob - Downloaded sources for org.testng:testng:7.10.2
2024-06-26 23:24:44,631 [Worker-54: Building] INFO  o.e.m.c.i.embedder.EclipseLogger - Using 'UTF-8' encoding to copy filtered resources.
2024-06-26 23:24:44,632 [Worker-54: Building] INFO  o.e.m.c.i.embedder.EclipseLogger - skip non existing resourceDirectory D:\EclipseProjectTestings\RestAssuredTest\RestTesting\src\main\resources
2024-06-26 23:24:44,634 [Worker-54: Building] INFO  o.e.m.c.i.embedder.EclipseLogger - Using 'UTF-8' encoding to copy filtered resources.
2024-06-26 23:24:44,635 [Worker-54: Building] INFO  o.e.m.c.i.embedder.EclipseLogger - skip non existing resourceDirectory D:\EclipseProjectTestings\RestAssuredTest\RestTesting\src\test\resources
2024-06-26 23:25:37,084 [Worker-42: Building] INFO  o.e.m.c.i.embedder.EclipseLogger - Using 'UTF-8' encoding to copy filtered resources.
2024-06-26 23:25:37,084 [Worker-42: Building] INFO  o.e.m.c.i.embedder.EclipseLogger - skip non existing resourceDirectory D:\EclipseProjectTestings\RestAssuredTest\RestTesting\src\main\resources
2024-06-26 23:25:37,086 [Worker-42: Building] INFO  o.e.m.c.i.embedder.EclipseLogger - Using 'UTF-8' encoding to copy filtered resources.
2024-06-26 23:25:37,086 [Worker-42: Building] INFO  o.e.m.c.i.embedder.EclipseLogger - skip non existing resourceDirectory D:\EclipseProjectTestings\RestAssuredTest\RestTesting\src\test\resources
2024-06-26 23:26:20,280 [Worker-55: Building] INFO  o.e.m.c.i.embedder.EclipseLogger - Using 'UTF-8' encoding to copy filtered resources.
2024-06-26 23:26:20,281 [Worker-55: Building] INFO  o.e.m.c.i.embedder.EclipseLogger - skip non existing resourceDirectory D:\EclipseProjectTestings\RestAssuredTest\RestTesting\src\main\resources
2024-06-26 23:26:20,283 [Worker-55: Building] INFO  o.e.m.c.i.embedder.EclipseLogger - Using 'UTF-8' encoding to copy filtered resources.
2024-06-26 23:26:20,283 [Worker-55: Building] INFO  o.e.m.c.i.embedder.EclipseLogger - skip non existing resourceDirectory D:\EclipseProjectTestings\RestAssuredTest\RestTesting\src\test\resources
2024-06-26 23:27:07,031 [Worker-54: Building] INFO  o.e.m.c.i.embedder.EclipseLogger - Using 'UTF-8' encoding to copy filtered resources.
2024-06-26 23:27:07,031 [Worker-54: Building] INFO  o.e.m.c.i.embedder.EclipseLogger - skip non existing resourceDirectory D:\EclipseProjectTestings\RestAssuredTest\RestTesting\src\main\resources
2024-06-26 23:27:07,033 [Worker-54: Building] INFO  o.e.m.c.i.embedder.EclipseLogger - Using 'UTF-8' encoding to copy filtered resources.
2024-06-26 23:27:07,033 [Worker-54: Building] INFO  o.e.m.c.i.embedder.EclipseLogger - skip non existing resourceDirectory D:\EclipseProjectTestings\RestAssuredTest\RestTesting\src\test\resources
2024-06-26 23:29:00,021 [Worker-54: Building] INFO  o.e.m.c.i.embedder.EclipseLogger - Using 'UTF-8' encoding to copy filtered resources.
2024-06-26 23:29:00,021 [Worker-54: Building] INFO  o.e.m.c.i.embedder.EclipseLogger - skip non existing resourceDirectory D:\EclipseProjectTestings\RestAssuredTest\RestTesting\src\main\resources
2024-06-26 23:29:00,023 [Worker-54: Building] INFO  o.e.m.c.i.embedder.EclipseLogger - Using 'UTF-8' encoding to copy filtered resources.
2024-06-26 23:29:00,023 [Worker-54: Building] INFO  o.e.m.c.i.embedder.EclipseLogger - skip non existing resourceDirectory D:\EclipseProjectTestings\RestAssuredTest\RestTesting\src\test\resources
2024-06-26 23:29:28,835 [Worker-54: Building] INFO  o.e.m.c.i.embedder.EclipseLogger - Using 'UTF-8' encoding to copy filtered resources.
2024-06-26 23:29:28,836 [Worker-54: Building] INFO  o.e.m.c.i.embedder.EclipseLogger - skip non existing resourceDirectory D:\EclipseProjectTestings\RestAssuredTest\RestTesting\src\main\resources
2024-06-26 23:29:28,837 [Worker-54: Building] INFO  o.e.m.c.i.embedder.EclipseLogger - Using 'UTF-8' encoding to copy filtered resources.
2024-06-26 23:29:28,837 [Worker-54: Building] INFO  o.e.m.c.i.embedder.EclipseLogger - skip non existing resourceDirectory D:\EclipseProjectTestings\RestAssuredTest\RestTesting\src\test\resources
2024-06-26 23:30:10,870 [Worker-44: Building] INFO  o.e.m.c.i.l.LifecycleMappingFactory - Using org.eclipse.m2e.jdt.JarLifecycleMapping lifecycle mapping for MavenProject: RestTesting:RestTesting:0.0.1-SNAPSHOT @ D:\EclipseProjectTestings\RestAssuredTest\RestTesting\pom.xml.
2024-06-26 23:30:11,041 [Worker-44: Building] INFO  o.e.m.c.i.embedder.EclipseLogger - Using 'UTF-8' encoding to copy filtered resources.
2024-06-26 23:30:11,041 [Worker-44: Building] INFO  o.e.m.c.i.embedder.EclipseLogger - skip non existing resourceDirectory D:\EclipseProjectTestings\RestAssuredTest\RestTesting\src\main\resources
2024-06-26 23:30:11,045 [Worker-44: Building] INFO  o.e.m.c.i.embedder.EclipseLogger - Using 'UTF-8' encoding to copy filtered resources.
2024-06-26 23:30:11,046 [Worker-44: Building] INFO  o.e.m.c.i.embedder.EclipseLogger - skip non existing resourceDirectory D:\EclipseProjectTestings\RestAssuredTest\RestTesting\src\test\resources
2024-06-26 23:30:13,937 [Worker-56: Building] INFO  o.e.m.c.i.embedder.EclipseLogger - Using 'UTF-8' encoding to copy filtered resources.
2024-06-26 23:30:13,938 [Worker-56: Building] INFO  o.e.m.c.i.embedder.EclipseLogger - skip non existing resourceDirectory D:\EclipseProjectTestings\RestAssuredTest\RestTesting\src\main\resources
2024-06-26 23:30:13,939 [Worker-56: Building] INFO  o.e.m.c.i.embedder.EclipseLogger - Using 'UTF-8' encoding to copy filtered resources.
2024-06-26 23:30:13,939 [Worker-56: Building] INFO  o.e.m.c.i.embedder.EclipseLogger - skip non existing resourceDirectory D:\EclipseProjectTestings\RestAssuredTest\RestTesting\src\test\resources
2024-06-26 23:30:22,168 [Worker-54: Building] INFO  o.e.m.c.i.embedder.EclipseLogger - Using 'UTF-8' encoding to copy filtered resources.
2024-06-26 23:30:22,168 [Worker-54: Building] INFO  o.e.m.c.i.embedder.EclipseLogger - skip non existing resourceDirectory D:\EclipseProjectTestings\RestAssuredTest\RestTesting\src\main\resources
2024-06-26 23:30:22,170 [Worker-54: Building] INFO  o.e.m.c.i.embedder.EclipseLogger - Using 'UTF-8' encoding to copy filtered resources.
2024-06-26 23:30:22,170 [Worker-54: Building] INFO  o.e.m.c.i.embedder.EclipseLogger - skip non existing resourceDirectory D:\EclipseProjectTestings\RestAssuredTest\RestTesting\src\test\resources
2024-06-26 23:33:33,772 [Worker-51: Building] INFO  o.e.m.c.i.l.LifecycleMappingFactory - Using org.eclipse.m2e.jdt.JarLifecycleMapping lifecycle mapping for MavenProject: RestTesting:RestTesting:0.0.1-SNAPSHOT @ D:\EclipseProjectTestings\RestAssuredTest\RestTesting\pom.xml.
2024-06-26 23:33:33,953 [Worker-51: Building] INFO  o.e.m.c.i.embedder.EclipseLogger - Using 'UTF-8' encoding to copy filtered resources.
2024-06-26 23:33:33,953 [Worker-51: Building] INFO  o.e.m.c.i.embedder.EclipseLogger - skip non existing resourceDirectory D:\EclipseProjectTestings\RestAssuredTest\RestTesting\src\main\resources
2024-06-26 23:33:33,956 [Worker-51: Building] INFO  o.e.m.c.i.embedder.EclipseLogger - Using 'UTF-8' encoding to copy filtered resources.
2024-06-26 23:33:33,957 [Worker-51: Building] INFO  o.e.m.c.i.embedder.EclipseLogger - skip non existing resourceDirectory D:\EclipseProjectTestings\RestAssuredTest\RestTesting\src\test\resources
2024-06-26 23:34:06,287 [Worker-59: Building] INFO  o.e.m.c.i.embedder.EclipseLogger - Using 'UTF-8' encoding to copy filtered resources.
2024-06-26 23:34:06,287 [Worker-59: Building] INFO  o.e.m.c.i.embedder.EclipseLogger - skip non existing resourceDirectory D:\EclipseProjectTestings\RestAssuredTest\RestTesting\src\main\resources
2024-06-26 23:34:06,289 [Worker-59: Building] INFO  o.e.m.c.i.embedder.EclipseLogger - Using 'UTF-8' encoding to copy filtered resources.
2024-06-26 23:34:06,289 [Worker-59: Building] INFO  o.e.m.c.i.embedder.EclipseLogger - skip non existing resourceDirectory D:\EclipseProjectTestings\RestAssuredTest\RestTesting\src\test\resources
2024-06-26 23:36:35,610 [Worker-63: Building] INFO  o.e.m.c.i.l.LifecycleMappingFactory - Using org.eclipse.m2e.jdt.JarLifecycleMapping lifecycle mapping for MavenProject: RestTesting:RestTesting:0.0.1-SNAPSHOT @ D:\EclipseProjectTestings\RestAssuredTest\RestTesting\pom.xml.
2024-06-26 23:36:37,209 [Worker-63: Building] INFO  o.e.m.c.i.e.AbstractTransferListenerAdapter - Downloading https://repo.maven.apache.org/maven2/io/rest-assured/rest-assured/4.4.0/rest-assured-4.4.0.pom
2024-06-26 23:36:37,219 [Worker-63: Building] INFO  o.e.m.c.i.e.AbstractTransferListenerAdapter - Downloaded https://repo.maven.apache.org/maven2/io/rest-assured/rest-assured/4.4.0/rest-assured-4.4.0.pom
2024-06-26 23:36:37,535 [Worker-63: Building] INFO  o.e.m.c.i.e.AbstractTransferListenerAdapter - Downloading https://repo.maven.apache.org/maven2/io/rest-assured/rest-assured-parent/4.4.0/rest-assured-parent-4.4.0.pom
2024-06-26 23:36:37,766 [Worker-63: Building] INFO  o.e.m.c.i.e.AbstractTransferListenerAdapter - Downloaded https://repo.maven.apache.org/maven2/io/rest-assured/rest-assured-parent/4.4.0/rest-assured-parent-4.4.0.pom
2024-06-26 23:36:38,060 [Worker-63: Building] INFO  o.e.m.c.i.e.AbstractTransferListenerAdapter - Downloading https://repo.maven.apache.org/maven2/org/codehaus/groovy/groovy/3.0.8/groovy-3.0.8.pom
2024-06-26 23:36:38,151 [Worker-63: Building] INFO  o.e.m.c.i.e.AbstractTransferListenerAdapter - Downloaded https://repo.maven.apache.org/maven2/org/codehaus/groovy/groovy/3.0.8/groovy-3.0.8.pom
2024-06-26 23:36:38,917 [Worker-63: Building] INFO  o.e.m.c.i.e.AbstractTransferListenerAdapter - Downloading https://repo.maven.apache.org/maven2/org/codehaus/groovy/groovy-xml/3.0.8/groovy-xml-3.0.8.pom
2024-06-26 23:36:38,920 [Worker-63: Building] INFO  o.e.m.c.i.e.AbstractTransferListenerAdapter - Downloaded https://repo.maven.apache.org/maven2/org/codehaus/groovy/groovy-xml/3.0.8/groovy-xml-3.0.8.pom
2024-06-26 23:36:39,264 [Worker-63: Building] INFO  o.e.m.c.i.e.AbstractTransferListenerAdapter - Downloading https://repo.maven.apache.org/maven2/io/rest-assured/json-path/4.4.0/json-path-4.4.0.pom
2024-06-26 23:36:39,294 [Worker-63: Building] INFO  o.e.m.c.i.e.AbstractTransferListenerAdapter - Downloaded https://repo.maven.apache.org/maven2/io/rest-assured/json-path/4.4.0/json-path-4.4.0.pom
2024-06-26 23:36:39,789 [Worker-63: Building] INFO  o.e.m.c.i.e.AbstractTransferListenerAdapter - Downloading https://repo.maven.apache.org/maven2/org/codehaus/groovy/groovy-json/3.0.8/groovy-json-3.0.8.pom
2024-06-26 23:36:40,170 [Worker-63: Building] INFO  o.e.m.c.i.e.AbstractTransferListenerAdapter - Downloaded https://repo.maven.apache.org/maven2/org/codehaus/groovy/groovy-json/3.0.8/groovy-json-3.0.8.pom
2024-06-26 23:36:40,591 [Worker-63: Building] INFO  o.e.m.c.i.e.AbstractTransferListenerAdapter - Downloading https://repo.maven.apache.org/maven2/io/rest-assured/rest-assured-common/4.4.0/rest-assured-common-4.4.0.pom
2024-06-26 23:36:40,601 [Worker-63: Building] INFO  o.e.m.c.i.e.AbstractTransferListenerAdapter - Downloaded https://repo.maven.apache.org/maven2/io/rest-assured/rest-assured-common/4.4.0/rest-assured-common-4.4.0.pom
2024-06-26 23:36:40,938 [Worker-63: Building] INFO  o.e.m.c.i.e.AbstractTransferListenerAdapter - Downloading https://repo.maven.apache.org/maven2/io/rest-assured/xml-path/4.4.0/xml-path-4.4.0.pom
2024-06-26 23:36:40,942 [Worker-63: Building] INFO  o.e.m.c.i.e.AbstractTransferListenerAdapter - Downloaded https://repo.maven.apache.org/maven2/io/rest-assured/xml-path/4.4.0/xml-path-4.4.0.pom
2024-06-26 23:36:41,694 [Worker-63: Building] INFO  o.e.m.c.i.e.AbstractTransferListenerAdapter - Downloading https://repo.maven.apache.org/maven2/io/rest-assured/rest-assured/4.4.0/rest-assured-4.4.0.jar
2024-06-26 23:36:49,496 [Worker-63: Building] INFO  o.e.m.c.i.e.AbstractTransferListenerAdapter - Downloaded https://repo.maven.apache.org/maven2/io/rest-assured/rest-assured/4.4.0/rest-assured-4.4.0.jar
2024-06-26 23:36:49,887 [BasicRepositoryConnector-repo.maven.apache.org-0-2] INFO  o.e.m.c.i.e.AbstractTransferListenerAdapter - Downloading https://repo.maven.apache.org/maven2/io/rest-assured/json-path/4.4.0/json-path-4.4.0.jar
2024-06-26 23:36:50,088 [BasicRepositoryConnector-repo.maven.apache.org-0-2] INFO  o.e.m.c.i.e.AbstractTransferListenerAdapter - Downloaded https://repo.maven.apache.org/maven2/io/rest-assured/json-path/4.4.0/json-path-4.4.0.jar
2024-06-26 23:36:50,393 [BasicRepositoryConnector-repo.maven.apache.org-0-2] INFO  o.e.m.c.i.e.AbstractTransferListenerAdapter - Downloading https://repo.maven.apache.org/maven2/io/rest-assured/xml-path/4.4.0/xml-path-4.4.0.jar
2024-06-26 23:36:50,644 [BasicRepositoryConnector-repo.maven.apache.org-0-0] INFO  o.e.m.c.i.e.AbstractTransferListenerAdapter - Downloading https://repo.maven.apache.org/maven2/org/codehaus/groovy/groovy/3.0.8/groovy-3.0.8.jar
2024-06-26 23:36:50,645 [BasicRepositoryConnector-repo.maven.apache.org-0-3] INFO  o.e.m.c.i.e.AbstractTransferListenerAdapter - Downloading https://repo.maven.apache.org/maven2/org/codehaus/groovy/groovy-json/3.0.8/groovy-json-3.0.8.jar
2024-06-26 23:36:50,781 [BasicRepositoryConnector-repo.maven.apache.org-0-1] INFO  o.e.m.c.i.e.AbstractTransferListenerAdapter - Downloading https://repo.maven.apache.org/maven2/org/codehaus/groovy/groovy-xml/3.0.8/groovy-xml-3.0.8.jar
2024-06-26 23:36:50,804 [BasicRepositoryConnector-repo.maven.apache.org-0-4] INFO  o.e.m.c.i.e.AbstractTransferListenerAdapter - Downloading https://repo.maven.apache.org/maven2/io/rest-assured/rest-assured-common/4.4.0/rest-assured-common-4.4.0.jar
2024-06-26 23:36:51,148 [BasicRepositoryConnector-repo.maven.apache.org-0-2] INFO  o.e.m.c.i.e.AbstractTransferListenerAdapter - Downloaded https://repo.maven.apache.org/maven2/io/rest-assured/xml-path/4.4.0/xml-path-4.4.0.jar
2024-06-26 23:36:51,614 [BasicRepositoryConnector-repo.maven.apache.org-0-4] INFO  o.e.m.c.i.e.AbstractTransferListenerAdapter - Downloaded https://repo.maven.apache.org/maven2/io/rest-assured/rest-assured-common/4.4.0/rest-assured-common-4.4.0.jar
2024-06-26 23:36:52,810 [BasicRepositoryConnector-repo.maven.apache.org-0-3] INFO  o.e.m.c.i.e.AbstractTransferListenerAdapter - Downloaded https://repo.maven.apache.org/maven2/org/codehaus/groovy/groovy-json/3.0.8/groovy-json-3.0.8.jar
2024-06-26 23:36:54,092 [BasicRepositoryConnector-repo.maven.apache.org-0-1] INFO  o.e.m.c.i.e.AbstractTransferListenerAdapter - Downloaded https://repo.maven.apache.org/maven2/org/codehaus/groovy/groovy-xml/3.0.8/groovy-xml-3.0.8.jar
2024-06-26 23:38:08,946 [BasicRepositoryConnector-repo.maven.apache.org-0-0] INFO  o.e.m.c.i.e.AbstractTransferListenerAdapter - Downloaded https://repo.maven.apache.org/maven2/org/codehaus/groovy/groovy/3.0.8/groovy-3.0.8.jar
2024-06-26 23:38:09,331 [Worker-63: Building] INFO  o.e.m.c.i.embedder.EclipseLogger - Using 'UTF-8' encoding to copy filtered resources.
2024-06-26 23:38:09,331 [Worker-63: Building] INFO  o.e.m.c.i.embedder.EclipseLogger - skip non existing resourceDirectory D:\EclipseProjectTestings\RestAssuredTest\RestTesting\src\main\resources
2024-06-26 23:38:09,333 [Worker-63: Building] INFO  o.e.m.c.i.embedder.EclipseLogger - Using 'UTF-8' encoding to copy filtered resources.
2024-06-26 23:38:09,333 [Worker-63: Building] INFO  o.e.m.c.i.embedder.EclipseLogger - skip non existing resourceDirectory D:\EclipseProjectTestings\RestAssuredTest\RestTesting\src\test\resources
2024-06-26 23:38:10,690 [Worker-63: Building] INFO  o.e.m.c.i.l.LifecycleMappingFactory - Using org.eclipse.m2e.jdt.JarLifecycleMapping lifecycle mapping for MavenProject: RestTesting:RestTesting:0.0.1-SNAPSHOT @ D:\EclipseProjectTestings\RestAssuredTest\RestTesting\pom.xml.
2024-06-26 23:38:10,785 [Worker-51: Download sources and javadoc] INFO  o.e.m.c.i.e.AbstractTransferListenerAdapter - Downloading https://repo.maven.apache.org/maven2/io/rest-assured/rest-assured/4.4.0/rest-assured-4.4.0-sources.jar
2024-06-26 23:38:12,414 [Worker-51: Download sources and javadoc] INFO  o.e.m.c.i.e.AbstractTransferListenerAdapter - Downloaded https://repo.maven.apache.org/maven2/io/rest-assured/rest-assured/4.4.0/rest-assured-4.4.0-sources.jar
2024-06-26 23:38:12,420 [Worker-51: Download sources and javadoc] INFO  o.e.m.j.internal.DownloadSourcesJob - Downloaded sources for io.rest-assured:rest-assured:4.4.0
2024-06-26 23:38:12,926 [Worker-51: Download sources and javadoc] INFO  o.e.m.c.i.e.AbstractTransferListenerAdapter - Downloading https://repo.maven.apache.org/maven2/org/codehaus/groovy/groovy/3.0.8/groovy-3.0.8-sources.jar
2024-06-26 23:38:20,906 [Worker-51: Download sources and javadoc] INFO  o.e.m.c.i.e.AbstractTransferListenerAdapter - Downloaded https://repo.maven.apache.org/maven2/org/codehaus/groovy/groovy/3.0.8/groovy-3.0.8-sources.jar
2024-06-26 23:38:20,909 [Worker-51: Download sources and javadoc] INFO  o.e.m.j.internal.DownloadSourcesJob - Downloaded sources for org.codehaus.groovy:groovy:3.0.8
2024-06-26 23:38:20,977 [Worker-51: Download sources and javadoc] INFO  o.e.m.c.i.e.AbstractTransferListenerAdapter - Downloading https://repo.maven.apache.org/maven2/org/codehaus/groovy/groovy-xml/3.0.8/groovy-xml-3.0.8-sources.jar
2024-06-26 23:38:21,212 [Worker-51: Download sources and javadoc] INFO  o.e.m.c.i.e.AbstractTransferListenerAdapter - Downloaded https://repo.maven.apache.org/maven2/org/codehaus/groovy/groovy-xml/3.0.8/groovy-xml-3.0.8-sources.jar
2024-06-26 23:38:21,217 [Worker-51: Download sources and javadoc] INFO  o.e.m.j.internal.DownloadSourcesJob - Downloaded sources for org.codehaus.groovy:groovy-xml:3.0.8
2024-06-26 23:38:21,317 [Worker-51: Download sources and javadoc] INFO  o.e.m.c.i.e.AbstractTransferListenerAdapter - Downloading https://repo.maven.apache.org/maven2/io/rest-assured/json-path/4.4.0/json-path-4.4.0-sources.jar
2024-06-26 23:38:21,442 [Worker-51: Download sources and javadoc] INFO  o.e.m.c.i.e.AbstractTransferListenerAdapter - Downloaded https://repo.maven.apache.org/maven2/io/rest-assured/json-path/4.4.0/json-path-4.4.0-sources.jar
2024-06-26 23:38:21,446 [Worker-51: Download sources and javadoc] INFO  o.e.m.j.internal.DownloadSourcesJob - Downloaded sources for io.rest-assured:json-path:4.4.0
2024-06-26 23:38:21,498 [Worker-51: Download sources and javadoc] INFO  o.e.m.c.i.e.AbstractTransferListenerAdapter - Downloading https://repo.maven.apache.org/maven2/org/codehaus/groovy/groovy-json/3.0.8/groovy-json-3.0.8-sources.jar
2024-06-26 23:38:21,733 [Worker-51: Download sources and javadoc] INFO  o.e.m.c.i.e.AbstractTransferListenerAdapter - Downloaded https://repo.maven.apache.org/maven2/org/codehaus/groovy/groovy-json/3.0.8/groovy-json-3.0.8-sources.jar
2024-06-26 23:38:21,737 [Worker-51: Download sources and javadoc] INFO  o.e.m.j.internal.DownloadSourcesJob - Downloaded sources for org.codehaus.groovy:groovy-json:3.0.8
2024-06-26 23:38:21,776 [Worker-51: Download sources and javadoc] INFO  o.e.m.c.i.e.AbstractTransferListenerAdapter - Downloading https://repo.maven.apache.org/maven2/io/rest-assured/rest-assured-common/4.4.0/rest-assured-common-4.4.0-sources.jar
2024-06-26 23:38:21,821 [Worker-51: Download sources and javadoc] INFO  o.e.m.c.i.e.AbstractTransferListenerAdapter - Downloaded https://repo.maven.apache.org/maven2/io/rest-assured/rest-assured-common/4.4.0/rest-assured-common-4.4.0-sources.jar
2024-06-26 23:38:21,826 [Worker-51: Download sources and javadoc] INFO  o.e.m.j.internal.DownloadSourcesJob - Downloaded sources for io.rest-assured:rest-assured-common:4.4.0
2024-06-26 23:38:21,864 [Worker-51: Download sources and javadoc] INFO  o.e.m.c.i.e.AbstractTransferListenerAdapter - Downloading https://repo.maven.apache.org/maven2/io/rest-assured/xml-path/4.4.0/xml-path-4.4.0-sources.jar
2024-06-26 23:38:22,020 [Worker-51: Download sources and javadoc] INFO  o.e.m.c.i.e.AbstractTransferListenerAdapter - Downloaded https://repo.maven.apache.org/maven2/io/rest-assured/xml-path/4.4.0/xml-path-4.4.0-sources.jar
2024-06-26 23:38:22,022 [Worker-51: Download sources and javadoc] INFO  o.e.m.j.internal.DownloadSourcesJob - Downloaded sources for io.rest-assured:xml-path:4.4.0
2024-06-26 23:38:22,081 [Worker-63: Building] INFO  o.e.m.c.i.e.AbstractTransferListenerAdapter - Downloading https://repo.maven.apache.org/maven2/org/testng/testng/7.4.0/testng-7.4.0.pom
2024-06-26 23:38:22,091 [Worker-63: Building] INFO  o.e.m.c.i.e.AbstractTransferListenerAdapter - Downloaded https://repo.maven.apache.org/maven2/org/testng/testng/7.4.0/testng-7.4.0.pom
2024-06-26 23:38:22,115 [Worker-63: Building] INFO  o.e.m.c.i.e.AbstractTransferListenerAdapter - Downloading https://repo.maven.apache.org/maven2/org/webjars/jquery/3.5.1/jquery-3.5.1.pom
2024-06-26 23:38:22,134 [Worker-63: Building] INFO  o.e.m.c.i.e.AbstractTransferListenerAdapter - Downloaded https://repo.maven.apache.org/maven2/org/webjars/jquery/3.5.1/jquery-3.5.1.pom
2024-06-26 23:38:22,188 [Worker-63: Building] INFO  o.e.m.c.i.e.AbstractTransferListenerAdapter - Downloading https://repo.maven.apache.org/maven2/org/testng/testng/7.4.0/testng-7.4.0.jar
2024-06-26 23:38:23,808 [Worker-63: Building] INFO  o.e.m.c.i.e.AbstractTransferListenerAdapter - Downloaded https://repo.maven.apache.org/maven2/org/testng/testng/7.4.0/testng-7.4.0.jar
2024-06-26 23:38:23,833 [BasicRepositoryConnector-repo.maven.apache.org-1-0] INFO  o.e.m.c.i.e.AbstractTransferListenerAdapter - Downloading https://repo.maven.apache.org/maven2/org/webjars/jquery/3.5.1/jquery-3.5.1.jar
2024-06-26 23:38:24,563 [BasicRepositoryConnector-repo.maven.apache.org-1-0] INFO  o.e.m.c.i.e.AbstractTransferListenerAdapter - Downloaded https://repo.maven.apache.org/maven2/org/webjars/jquery/3.5.1/jquery-3.5.1.jar
2024-06-26 23:38:24,803 [Worker-63: Building] INFO  o.e.m.c.i.embedder.EclipseLogger - Using 'UTF-8' encoding to copy filtered resources.
2024-06-26 23:38:24,803 [Worker-63: Building] INFO  o.e.m.c.i.embedder.EclipseLogger - skip non existing resourceDirectory D:\EclipseProjectTestings\RestAssuredTest\RestTesting\src\main\resources
2024-06-26 23:38:24,805 [Worker-63: Building] INFO  o.e.m.c.i.embedder.EclipseLogger - Using 'UTF-8' encoding to copy filtered resources.
2024-06-26 23:38:24,806 [Worker-63: Building] INFO  o.e.m.c.i.embedder.EclipseLogger - skip non existing resourceDirectory D:\EclipseProjectTestings\RestAssuredTest\RestTesting\src\test\resources
2024-06-26 23:38:25,911 [Worker-61: Download sources and javadoc] INFO  o.e.m.c.i.e.AbstractTransferListenerAdapter - Downloading https://repo.maven.apache.org/maven2/org/testng/testng/7.4.0/testng-7.4.0-sources.jar
2024-06-26 23:38:26,449 [Worker-61: Download sources and javadoc] INFO  o.e.m.c.i.e.AbstractTransferListenerAdapter - Downloaded https://repo.maven.apache.org/maven2/org/testng/testng/7.4.0/testng-7.4.0-sources.jar
2024-06-26 23:38:26,454 [Worker-61: Download sources and javadoc] INFO  o.e.m.j.internal.DownloadSourcesJob - Downloaded sources for org.testng:testng:7.4.0
2024-06-26 23:38:26,576 [Worker-61: Download sources and javadoc] INFO  o.e.m.c.i.e.AbstractTransferListenerAdapter - Downloading https://repo.maven.apache.org/maven2/org/webjars/jquery/3.5.1/jquery-3.5.1-sources.jar
2024-06-26 23:38:26,608 [Worker-61: Download sources and javadoc] INFO  o.e.m.c.i.e.AbstractTransferListenerAdapter - Downloaded https://repo.maven.apache.org/maven2/org/webjars/jquery/3.5.1/jquery-3.5.1-sources.jar
2024-06-26 23:38:26,612 [Worker-61: Download sources and javadoc] INFO  o.e.m.j.internal.DownloadSourcesJob - Downloaded sources for org.webjars:jquery:3.5.1
2024-06-26 23:38:34,295 [Worker-63: Updating Maven Project] INFO  o.e.m.c.i.p.ProjectConfigurationManager - Update started
2024-06-26 23:38:34,522 [Worker-63: Updating Maven Project] INFO  o.e.m.c.i.l.LifecycleMappingFactory - Using org.eclipse.m2e.jdt.JarLifecycleMapping lifecycle mapping for MavenProject: RestTesting:RestTesting:0.0.1-SNAPSHOT @ D:\EclipseProjectTestings\RestAssuredTest\RestTesting\pom.xml.
2024-06-26 23:38:34,809 [Worker-63: Updating Maven Project] INFO  o.e.m.j.i.AbstractJavaProjectConfigurator - Adding source folder /RestTesting/src/main/java
2024-06-26 23:38:34,809 [Worker-63: Updating Maven Project] INFO  o.e.m.j.i.AbstractJavaProjectConfigurator - Adding resource folder /RestTesting/src/main/resources
2024-06-26 23:38:34,809 [Worker-63: Updating Maven Project] INFO  o.e.m.j.i.AbstractJavaProjectConfigurator - Adding source folder /RestTesting/src/test/java
2024-06-26 23:38:34,809 [Worker-63: Updating Maven Project] INFO  o.e.m.j.i.AbstractJavaProjectConfigurator - Adding resource folder /RestTesting/src/test/resources
2024-06-26 23:38:34,896 [Worker-63: Updating Maven Project] INFO  o.e.m.c.i.p.ProjectConfigurationManager - Update completed for 1 poms: local refresh takes 0.00 sec, refresh facades takes 0.00 sec, update config takes 0.00 sec 
2024-06-26 23:38:35,095 [Worker-66: Building] INFO  o.e.m.c.i.embedder.EclipseLogger - Using 'UTF-8' encoding to copy filtered resources.
2024-06-26 23:38:35,095 [Worker-66: Building] INFO  o.e.m.c.i.embedder.EclipseLogger - skip non existing resourceDirectory D:\EclipseProjectTestings\RestAssuredTest\RestTesting\src\main\resources
2024-06-26 23:38:35,097 [Worker-66: Building] INFO  o.e.m.c.i.embedder.EclipseLogger - Using 'UTF-8' encoding to copy filtered resources.
2024-06-26 23:38:35,098 [Worker-66: Building] INFO  o.e.m.c.i.embedder.EclipseLogger - skip non existing resourceDirectory D:\EclipseProjectTestings\RestAssuredTest\RestTesting\src\test\resources
2024-06-26 23:38:39,254 [Worker-63: Building] INFO  o.e.m.c.i.embedder.EclipseLogger - Using 'UTF-8' encoding to copy filtered resources.
2024-06-26 23:38:39,254 [Worker-63: Building] INFO  o.e.m.c.i.embedder.EclipseLogger - skip non existing resourceDirectory D:\EclipseProjectTestings\RestAssuredTest\RestTesting\src\main\resources
2024-06-26 23:38:39,256 [Worker-63: Building] INFO  o.e.m.c.i.embedder.EclipseLogger - Using 'UTF-8' encoding to copy filtered resources.
2024-06-26 23:38:39,256 [Worker-63: Building] INFO  o.e.m.c.i.embedder.EclipseLogger - skip non existing resourceDirectory D:\EclipseProjectTestings\RestAssuredTest\RestTesting\src\test\resources
2024-06-26 23:39:42,239 [Worker-62: Building] INFO  o.e.m.c.i.embedder.EclipseLogger - Using 'UTF-8' encoding to copy filtered resources.
2024-06-26 23:39:42,240 [Worker-62: Building] INFO  o.e.m.c.i.embedder.EclipseLogger - skip non existing resourceDirectory D:\EclipseProjectTestings\RestAssuredTest\RestTesting\src\main\resources
2024-06-26 23:39:42,241 [Worker-62: Building] INFO  o.e.m.c.i.embedder.EclipseLogger - Using 'UTF-8' encoding to copy filtered resources.
2024-06-26 23:39:42,241 [Worker-62: Building] INFO  o.e.m.c.i.embedder.EclipseLogger - skip non existing resourceDirectory D:\EclipseProjectTestings\RestAssuredTest\RestTesting\src\test\resources
2024-06-26 23:40:07,087 [Worker-66: Building] INFO  o.e.m.c.i.l.LifecycleMappingFactory - Using org.eclipse.m2e.jdt.JarLifecycleMapping lifecycle mapping for MavenProject: RestTesting:RestTesting:0.0.1-SNAPSHOT @ D:\EclipseProjectTestings\RestAssuredTest\RestTesting\pom.xml.
2024-06-26 23:40:07,286 [Worker-66: Building] INFO  o.e.m.c.i.embedder.EclipseLogger - Using 'UTF-8' encoding to copy filtered resources.
2024-06-26 23:40:07,286 [Worker-66: Building] INFO  o.e.m.c.i.embedder.EclipseLogger - skip non existing resourceDirectory D:\EclipseProjectTestings\RestAssuredTest\RestTesting\src\main\resources
2024-06-26 23:40:07,289 [Worker-66: Building] INFO  o.e.m.c.i.embedder.EclipseLogger - Using 'UTF-8' encoding to copy filtered resources.
2024-06-26 23:40:07,289 [Worker-66: Building] INFO  o.e.m.c.i.embedder.EclipseLogger - skip non existing resourceDirectory D:\EclipseProjectTestings\RestAssuredTest\RestTesting\src\test\resources
2024-06-26 23:40:36,229 [Worker-66: Building] INFO  o.e.m.c.i.l.LifecycleMappingFactory - Using org.eclipse.m2e.jdt.JarLifecycleMapping lifecycle mapping for MavenProject: RestTesting:RestTesting:0.0.1-SNAPSHOT @ D:\EclipseProjectTestings\RestAssuredTest\RestTesting\pom.xml.
2024-06-26 23:40:36,519 [Worker-66: Building] INFO  o.e.m.c.i.embedder.EclipseLogger - Using 'UTF-8' encoding to copy filtered resources.
2024-06-26 23:40:36,519 [Worker-66: Building] INFO  o.e.m.c.i.embedder.EclipseLogger - skip non existing resourceDirectory D:\EclipseProjectTestings\RestAssuredTest\RestTesting\src\main\resources
2024-06-26 23:40:36,523 [Worker-66: Building] INFO  o.e.m.c.i.embedder.EclipseLogger - Using 'UTF-8' encoding to copy filtered resources.
2024-06-26 23:40:36,523 [Worker-66: Building] INFO  o.e.m.c.i.embedder.EclipseLogger - skip non existing resourceDirectory D:\EclipseProjectTestings\RestAssuredTest\RestTesting\src\test\resources
2024-06-26 23:40:45,236 [Worker-65: Building] INFO  o.e.m.c.i.l.LifecycleMappingFactory - Using org.eclipse.m2e.jdt.JarLifecycleMapping lifecycle mapping for MavenProject: RestTesting:RestTesting:0.0.1-SNAPSHOT @ D:\EclipseProjectTestings\RestAssuredTest\RestTesting\pom.xml.
2024-06-26 23:40:45,502 [Worker-65: Building] INFO  o.e.m.c.i.embedder.EclipseLogger - Using 'UTF-8' encoding to copy filtered resources.
2024-06-26 23:40:45,502 [Worker-65: Building] INFO  o.e.m.c.i.embedder.EclipseLogger - skip non existing resourceDirectory D:\EclipseProjectTestings\RestAssuredTest\RestTesting\src\main\resources
2024-06-26 23:40:45,504 [Worker-65: Building] INFO  o.e.m.c.i.embedder.EclipseLogger - Using 'UTF-8' encoding to copy filtered resources.
2024-06-26 23:40:45,505 [Worker-65: Building] INFO  o.e.m.c.i.embedder.EclipseLogger - skip non existing resourceDirectory D:\EclipseProjectTestings\RestAssuredTest\RestTesting\src\test\resources
2024-06-26 23:48:25,884 [Worker-69: Building] INFO  o.e.m.c.i.embedder.EclipseLogger - Using 'UTF-8' encoding to copy filtered resources.
2024-06-26 23:48:25,885 [Worker-69: Building] INFO  o.e.m.c.i.embedder.EclipseLogger - skip non existing resourceDirectory D:\EclipseProjectTestings\RestAssuredTest\RestTesting\src\main\resources
2024-06-26 23:48:25,887 [Worker-69: Building] INFO  o.e.m.c.i.embedder.EclipseLogger - Using 'UTF-8' encoding to copy filtered resources.
2024-06-26 23:48:25,887 [Worker-69: Building] INFO  o.e.m.c.i.embedder.EclipseLogger - skip non existing resourceDirectory D:\EclipseProjectTestings\RestAssuredTest\RestTesting\src\test\resources
2024-06-26 23:51:09,414 [Worker-70: Building] INFO  o.e.m.c.i.embedder.EclipseLogger - Using 'UTF-8' encoding to copy filtered resources.
2024-06-26 23:51:09,415 [Worker-70: Building] INFO  o.e.m.c.i.embedder.EclipseLogger - skip non existing resourceDirectory D:\EclipseProjectTestings\RestAssuredTest\RestTesting\src\main\resources
2024-06-26 23:51:09,416 [Worker-70: Building] INFO  o.e.m.c.i.embedder.EclipseLogger - Using 'UTF-8' encoding to copy filtered resources.
2024-06-26 23:51:09,416 [Worker-70: Building] INFO  o.e.m.c.i.embedder.EclipseLogger - skip non existing resourceDirectory D:\EclipseProjectTestings\RestAssuredTest\RestTesting\src\test\resources
2024-06-26 23:52:03,585 [Worker-68: Building] INFO  o.e.m.c.i.embedder.EclipseLogger - Using 'UTF-8' encoding to copy filtered resources.
2024-06-26 23:52:03,585 [Worker-68: Building] INFO  o.e.m.c.i.embedder.EclipseLogger - skip non existing resourceDirectory D:\EclipseProjectTestings\RestAssuredTest\RestTesting\src\main\resources
2024-06-26 23:52:03,587 [Worker-68: Building] INFO  o.e.m.c.i.embedder.EclipseLogger - Using 'UTF-8' encoding to copy filtered resources.
2024-06-26 23:52:03,587 [Worker-68: Building] INFO  o.e.m.c.i.embedder.EclipseLogger - skip non existing resourceDirectory D:\EclipseProjectTestings\RestAssuredTest\RestTesting\src\test\resources
2024-06-26 23:52:08,350 [Worker-70: Building] INFO  o.e.m.c.i.embedder.EclipseLogger - Using 'UTF-8' encoding to copy filtered resources.
2024-06-26 23:52:08,350 [Worker-70: Building] INFO  o.e.m.c.i.embedder.EclipseLogger - skip non existing resourceDirectory D:\EclipseProjectTestings\RestAssuredTest\RestTesting\src\main\resources
2024-06-26 23:52:08,352 [Worker-70: Building] INFO  o.e.m.c.i.embedder.EclipseLogger - Using 'UTF-8' encoding to copy filtered resources.
2024-06-26 23:52:08,352 [Worker-70: Building] INFO  o.e.m.c.i.embedder.EclipseLogger - skip non existing resourceDirectory D:\EclipseProjectTestings\RestAssuredTest\RestTesting\src\test\resources
2024-06-26 23:54:36,579 [Worker-71: Building] INFO  o.e.m.c.i.embedder.EclipseLogger - Using 'UTF-8' encoding to copy filtered resources.
2024-06-26 23:54:36,579 [Worker-71: Building] INFO  o.e.m.c.i.embedder.EclipseLogger - skip non existing resourceDirectory D:\EclipseProjectTestings\RestAssuredTest\RestTesting\src\main\resources
2024-06-26 23:54:36,581 [Worker-71: Building] INFO  o.e.m.c.i.embedder.EclipseLogger - Using 'UTF-8' encoding to copy filtered resources.
2024-06-26 23:54:36,581 [Worker-71: Building] INFO  o.e.m.c.i.embedder.EclipseLogger - skip non existing resourceDirectory D:\EclipseProjectTestings\RestAssuredTest\RestTesting\src\test\resources
2024-06-26 23:57:56,808 [Worker-63: Building] INFO  o.e.m.c.i.embedder.EclipseLogger - Using 'UTF-8' encoding to copy filtered resources.
2024-06-26 23:57:56,808 [Worker-63: Building] INFO  o.e.m.c.i.embedder.EclipseLogger - skip non existing resourceDirectory D:\EclipseProjectTestings\RestAssuredTest\RestTesting\src\main\resources
2024-06-26 23:57:56,812 [Worker-63: Building] INFO  o.e.m.c.i.embedder.EclipseLogger - Using 'UTF-8' encoding to copy filtered resources.
2024-06-26 23:57:56,812 [Worker-63: Building] INFO  o.e.m.c.i.embedder.EclipseLogger - skip non existing resourceDirectory D:\EclipseProjectTestings\RestAssuredTest\RestTesting\src\test\resources
2024-06-27 00:04:06,690 [Worker-79: Building] INFO  o.e.m.c.i.embedder.EclipseLogger - Using 'UTF-8' encoding to copy filtered resources.
2024-06-27 00:04:06,690 [Worker-79: Building] INFO  o.e.m.c.i.embedder.EclipseLogger - skip non existing resourceDirectory D:\EclipseProjectTestings\RestAssuredTest\RestTesting\src\main\resources
2024-06-27 00:04:06,691 [Worker-79: Building] INFO  o.e.m.c.i.embedder.EclipseLogger - Using 'UTF-8' encoding to copy filtered resources.
2024-06-27 00:04:06,691 [Worker-79: Building] INFO  o.e.m.c.i.embedder.EclipseLogger - skip non existing resourceDirectory D:\EclipseProjectTestings\RestAssuredTest\RestTesting\src\test\resources
2024-06-27 00:09:59,756 [Worker-82: Building] INFO  o.e.m.c.i.embedder.EclipseLogger - Using 'UTF-8' encoding to copy filtered resources.
2024-06-27 00:09:59,756 [Worker-82: Building] INFO  o.e.m.c.i.embedder.EclipseLogger - skip non existing resourceDirectory D:\EclipseProjectTestings\RestAssuredTest\RestTesting\src\main\resources
2024-06-27 00:09:59,759 [Worker-82: Building] INFO  o.e.m.c.i.embedder.EclipseLogger - Using 'UTF-8' encoding to copy filtered resources.
2024-06-27 00:09:59,759 [Worker-82: Building] INFO  o.e.m.c.i.embedder.EclipseLogger - skip non existing resourceDirectory D:\EclipseProjectTestings\RestAssuredTest\RestTesting\src\test\resources
2024-06-27 00:12:03,475 [Worker-81: Building] INFO  o.e.m.c.i.embedder.EclipseLogger - Using 'UTF-8' encoding to copy filtered resources.
2024-06-27 00:12:03,475 [Worker-81: Building] INFO  o.e.m.c.i.embedder.EclipseLogger - skip non existing resourceDirectory D:\EclipseProjectTestings\RestAssuredTest\RestTesting\src\main\resources
2024-06-27 00:12:03,477 [Worker-81: Building] INFO  o.e.m.c.i.embedder.EclipseLogger - Using 'UTF-8' encoding to copy filtered resources.
2024-06-27 00:12:03,477 [Worker-81: Building] INFO  o.e.m.c.i.embedder.EclipseLogger - skip non existing resourceDirectory D:\EclipseProjectTestings\RestAssuredTest\RestTesting\src\test\resources
2024-06-27 00:27:41,820 [Worker-89: Launching FirstAPI] INFO  o.e.m.c.i.embedder.EclipseLogger - Using 'UTF-8' encoding to copy filtered resources.
2024-06-27 00:27:41,821 [Worker-89: Launching FirstAPI] INFO  o.e.m.c.i.embedder.EclipseLogger - skip non existing resourceDirectory D:\EclipseProjectTestings\RestAssuredTest\RestTesting\src\main\resources
2024-06-27 00:27:41,823 [Worker-89: Launching FirstAPI] INFO  o.e.m.c.i.embedder.EclipseLogger - Using 'UTF-8' encoding to copy filtered resources.
2024-06-27 00:27:41,823 [Worker-89: Launching FirstAPI] INFO  o.e.m.c.i.embedder.EclipseLogger - skip non existing resourceDirectory D:\EclipseProjectTestings\RestAssuredTest\RestTesting\src\test\resources
2024-06-27 00:28:07,331 [Worker-88: Building] INFO  o.e.m.c.i.embedder.EclipseLogger - Using 'UTF-8' encoding to copy filtered resources.
2024-06-27 00:28:07,331 [Worker-88: Building] INFO  o.e.m.c.i.embedder.EclipseLogger - skip non existing resourceDirectory D:\EclipseProjectTestings\RestAssuredTest\RestTesting\src\main\resources
2024-06-27 00:28:07,333 [Worker-88: Building] INFO  o.e.m.c.i.embedder.EclipseLogger - Using 'UTF-8' encoding to copy filtered resources.
2024-06-27 00:28:07,333 [Worker-88: Building] INFO  o.e.m.c.i.embedder.EclipseLogger - skip non existing resourceDirectory D:\EclipseProjectTestings\RestAssuredTest\RestTesting\src\test\resources
2024-06-27 00:31:12,088 [Worker-91: Building] INFO  o.e.m.c.i.embedder.EclipseLogger - Using 'UTF-8' encoding to copy filtered resources.
2024-06-27 00:31:12,088 [Worker-91: Building] INFO  o.e.m.c.i.embedder.EclipseLogger - skip non existing resourceDirectory D:\EclipseProjectTestings\RestAssuredTest\RestTesting\src\main\resources
2024-06-27 00:31:12,090 [Worker-91: Building] INFO  o.e.m.c.i.embedder.EclipseLogger - Using 'UTF-8' encoding to copy filtered resources.
2024-06-27 00:31:12,090 [Worker-91: Building] INFO  o.e.m.c.i.embedder.EclipseLogger - skip non existing resourceDirectory D:\EclipseProjectTestings\RestAssuredTest\RestTesting\src\test\resources
2024-06-27 00:32:19,359 [Worker-96: Building] INFO  o.e.m.c.i.embedder.EclipseLogger - Using 'UTF-8' encoding to copy filtered resources.
2024-06-27 00:32:19,359 [Worker-96: Building] INFO  o.e.m.c.i.embedder.EclipseLogger - skip non existing resourceDirectory D:\EclipseProjectTestings\RestAssuredTest\RestTesting\src\main\resources
2024-06-27 00:32:19,360 [Worker-96: Building] INFO  o.e.m.c.i.embedder.EclipseLogger - Using 'UTF-8' encoding to copy filtered resources.
2024-06-27 00:32:19,360 [Worker-96: Building] INFO  o.e.m.c.i.embedder.EclipseLogger - skip non existing resourceDirectory D:\EclipseProjectTestings\RestAssuredTest\RestTesting\src\test\resources
2024-06-27 00:32:27,256 [Worker-90: Building] INFO  o.e.m.c.i.embedder.EclipseLogger - Using 'UTF-8' encoding to copy filtered resources.
2024-06-27 00:32:27,256 [Worker-90: Building] INFO  o.e.m.c.i.embedder.EclipseLogger - skip non existing resourceDirectory D:\EclipseProjectTestings\RestAssuredTest\RestTesting\src\main\resources
2024-06-27 00:32:27,257 [Worker-90: Building] INFO  o.e.m.c.i.embedder.EclipseLogger - Using 'UTF-8' encoding to copy filtered resources.
2024-06-27 00:32:27,257 [Worker-90: Building] INFO  o.e.m.c.i.embedder.EclipseLogger - skip non existing resourceDirectory D:\EclipseProjectTestings\RestAssuredTest\RestTesting\src\test\resources
2024-06-27 00:33:59,488 [Worker-96: Building] INFO  o.e.m.c.i.embedder.EclipseLogger - Using 'UTF-8' encoding to copy filtered resources.
2024-06-27 00:33:59,488 [Worker-96: Building] INFO  o.e.m.c.i.embedder.EclipseLogger - skip non existing resourceDirectory D:\EclipseProjectTestings\RestAssuredTest\RestTesting\src\main\resources
2024-06-27 00:33:59,490 [Worker-96: Building] INFO  o.e.m.c.i.embedder.EclipseLogger - Using 'UTF-8' encoding to copy filtered resources.
2024-06-27 00:33:59,490 [Worker-96: Building] INFO  o.e.m.c.i.embedder.EclipseLogger - skip non existing resourceDirectory D:\EclipseProjectTestings\RestAssuredTest\RestTesting\src\test\resources
2024-06-27 00:34:23,645 [Worker-95: Building] INFO  o.e.m.c.i.embedder.EclipseLogger - Using 'UTF-8' encoding to copy filtered resources.
2024-06-27 00:34:23,645 [Worker-95: Building] INFO  o.e.m.c.i.embedder.EclipseLogger - skip non existing resourceDirectory D:\EclipseProjectTestings\RestAssuredTest\RestTesting\src\main\resources
2024-06-27 00:34:23,647 [Worker-95: Building] INFO  o.e.m.c.i.embedder.EclipseLogger - Using 'UTF-8' encoding to copy filtered resources.
2024-06-27 00:34:23,647 [Worker-95: Building] INFO  o.e.m.c.i.embedder.EclipseLogger - skip non existing resourceDirectory D:\EclipseProjectTestings\RestAssuredTest\RestTesting\src\test\resources
2024-06-27 00:38:23,407 [Worker-96: Building] INFO  o.e.m.c.i.embedder.EclipseLogger - Using 'UTF-8' encoding to copy filtered resources.
2024-06-27 00:38:23,407 [Worker-96: Building] INFO  o.e.m.c.i.embedder.EclipseLogger - skip non existing resourceDirectory D:\EclipseProjectTestings\RestAssuredTest\RestTesting\src\main\resources
2024-06-27 00:38:23,409 [Worker-96: Building] INFO  o.e.m.c.i.embedder.EclipseLogger - Using 'UTF-8' encoding to copy filtered resources.
2024-06-27 00:38:23,409 [Worker-96: Building] INFO  o.e.m.c.i.embedder.EclipseLogger - skip non existing resourceDirectory D:\EclipseProjectTestings\RestAssuredTest\RestTesting\src\test\resources
2024-06-27 00:40:57,918 [Worker-101: Building] INFO  o.e.m.c.i.embedder.EclipseLogger - Using 'UTF-8' encoding to copy filtered resources.
2024-06-27 00:40:57,918 [Worker-101: Building] INFO  o.e.m.c.i.embedder.EclipseLogger - skip non existing resourceDirectory D:\EclipseProjectTestings\RestAssuredTest\RestTesting\src\main\resources
2024-06-27 00:40:57,920 [Worker-101: Building] INFO  o.e.m.c.i.embedder.EclipseLogger - Using 'UTF-8' encoding to copy filtered resources.
2024-06-27 00:40:57,920 [Worker-101: Building] INFO  o.e.m.c.i.embedder.EclipseLogger - skip non existing resourceDirectory D:\EclipseProjectTestings\RestAssuredTest\RestTesting\src\test\resources
2024-06-27 00:43:20,533 [Worker-105: Launching FirstAPI] INFO  o.e.m.c.i.embedder.EclipseLogger - Using 'UTF-8' encoding to copy filtered resources.
2024-06-27 00:43:20,533 [Worker-105: Launching FirstAPI] INFO  o.e.m.c.i.embedder.EclipseLogger - skip non existing resourceDirectory D:\EclipseProjectTestings\RestAssuredTest\RestTesting\src\main\resources
2024-06-27 00:43:20,535 [Worker-105: Launching FirstAPI] INFO  o.e.m.c.i.embedder.EclipseLogger - Using 'UTF-8' encoding to copy filtered resources.
2024-06-27 00:43:20,535 [Worker-105: Launching FirstAPI] INFO  o.e.m.c.i.embedder.EclipseLogger - skip non existing resourceDirectory D:\EclipseProjectTestings\RestAssuredTest\RestTesting\src\test\resources
2024-06-27 00:43:55,974 [Worker-106: Building] INFO  o.e.m.c.i.embedder.EclipseLogger - Using 'UTF-8' encoding to copy filtered resources.
2024-06-27 00:43:55,974 [Worker-106: Building] INFO  o.e.m.c.i.embedder.EclipseLogger - skip non existing resourceDirectory D:\EclipseProjectTestings\RestAssuredTest\RestTesting\src\main\resources
2024-06-27 00:43:55,975 [Worker-106: Building] INFO  o.e.m.c.i.embedder.EclipseLogger - Using 'UTF-8' encoding to copy filtered resources.
2024-06-27 00:43:55,975 [Worker-106: Building] INFO  o.e.m.c.i.embedder.EclipseLogger - skip non existing resourceDirectory D:\EclipseProjectTestings\RestAssuredTest\RestTesting\src\test\resources
2024-06-27 00:49:01,276 [Worker-108: Building] INFO  o.e.m.c.i.embedder.EclipseLogger - Using 'UTF-8' encoding to copy filtered resources.
2024-06-27 00:49:01,276 [Worker-108: Building] INFO  o.e.m.c.i.embedder.EclipseLogger - skip non existing resourceDirectory D:\EclipseProjectTestings\RestAssuredTest\RestTesting\src\main\resources
2024-06-27 00:49:01,277 [Worker-108: Building] INFO  o.e.m.c.i.embedder.EclipseLogger - Using 'UTF-8' encoding to copy filtered resources.
2024-06-27 00:49:01,278 [Worker-108: Building] INFO  o.e.m.c.i.embedder.EclipseLogger - skip non existing resourceDirectory D:\EclipseProjectTestings\RestAssuredTest\RestTesting\src\test\resources
2024-06-27 00:49:11,869 [Worker-110: Building] INFO  o.e.m.c.i.embedder.EclipseLogger - Using 'UTF-8' encoding to copy filtered resources.
2024-06-27 00:49:11,869 [Worker-110: Building] INFO  o.e.m.c.i.embedder.EclipseLogger - skip non existing resourceDirectory D:\EclipseProjectTestings\RestAssuredTest\RestTesting\src\main\resources
2024-06-27 00:49:11,870 [Worker-110: Building] INFO  o.e.m.c.i.embedder.EclipseLogger - Using 'UTF-8' encoding to copy filtered resources.
2024-06-27 00:49:11,870 [Worker-110: Building] INFO  o.e.m.c.i.embedder.EclipseLogger - skip non existing resourceDirectory D:\EclipseProjectTestings\RestAssuredTest\RestTesting\src\test\resources
2024-06-27 01:14:07,087 [Worker-109: Launching FirstAPI.getPetsPendingAPI] INFO  o.e.m.c.i.embedder.EclipseLogger - Using 'UTF-8' encoding to copy filtered resources.
2024-06-27 01:14:07,088 [Worker-109: Launching FirstAPI.getPetsPendingAPI] INFO  o.e.m.c.i.embedder.EclipseLogger - skip non existing resourceDirectory D:\EclipseProjectTestings\RestAssuredTest\RestTesting\src\main\resources
2024-06-27 01:14:07,092 [Worker-109: Launching FirstAPI.getPetsPendingAPI] INFO  o.e.m.c.i.embedder.EclipseLogger - Using 'UTF-8' encoding to copy filtered resources.
2024-06-27 01:14:07,093 [Worker-109: Launching FirstAPI.getPetsPendingAPI] INFO  o.e.m.c.i.embedder.EclipseLogger - skip non existing resourceDirectory D:\EclipseProjectTestings\RestAssuredTest\RestTesting\src\test\resources
2024-06-27 01:14:41,411 [Worker-109: Building] INFO  o.e.m.c.i.embedder.EclipseLogger - Using 'UTF-8' encoding to copy filtered resources.
2024-06-27 01:14:41,412 [Worker-109: Building] INFO  o.e.m.c.i.embedder.EclipseLogger - skip non existing resourceDirectory D:\EclipseProjectTestings\RestAssuredTest\RestTesting\src\main\resources
2024-06-27 01:14:41,413 [Worker-109: Building] INFO  o.e.m.c.i.embedder.EclipseLogger - Using 'UTF-8' encoding to copy filtered resources.
2024-06-27 01:14:41,413 [Worker-109: Building] INFO  o.e.m.c.i.embedder.EclipseLogger - skip non existing resourceDirectory D:\EclipseProjectTestings\RestAssuredTest\RestTesting\src\test\resources
2024-06-27 01:21:40,249 [Worker-117: Building] INFO  o.e.m.c.i.embedder.EclipseLogger - Using 'UTF-8' encoding to copy filtered resources.
2024-06-27 01:21:40,249 [Worker-117: Building] INFO  o.e.m.c.i.embedder.EclipseLogger - skip non existing resourceDirectory D:\EclipseProjectTestings\RestAssuredTest\RestTesting\src\main\resources
2024-06-27 01:21:40,250 [Worker-117: Building] INFO  o.e.m.c.i.embedder.EclipseLogger - Using 'UTF-8' encoding to copy filtered resources.
2024-06-27 01:21:40,251 [Worker-117: Building] INFO  o.e.m.c.i.embedder.EclipseLogger - skip non existing resourceDirectory D:\EclipseProjectTestings\RestAssuredTest\RestTesting\src\test\resources
2024-06-27 01:24:23,467 [Worker-115: Building] INFO  o.e.m.c.i.embedder.EclipseLogger - Using 'UTF-8' encoding to copy filtered resources.
2024-06-27 01:24:23,467 [Worker-115: Building] INFO  o.e.m.c.i.embedder.EclipseLogger - skip non existing resourceDirectory D:\EclipseProjectTestings\RestAssuredTest\RestTesting\src\main\resources
2024-06-27 01:24:23,470 [Worker-115: Building] INFO  o.e.m.c.i.embedder.EclipseLogger - Using 'UTF-8' encoding to copy filtered resources.
2024-06-27 01:24:23,470 [Worker-115: Building] INFO  o.e.m.c.i.embedder.EclipseLogger - skip non existing resourceDirectory D:\EclipseProjectTestings\RestAssuredTest\RestTesting\src\test\resources
2024-06-27 13:00:27,597 [Worker-125: Building] INFO  o.e.m.c.i.embedder.EclipseLogger - Using 'UTF-8' encoding to copy filtered resources.
2024-06-27 13:00:27,597 [Worker-125: Building] INFO  o.e.m.c.i.embedder.EclipseLogger - skip non existing resourceDirectory D:\EclipseProjectTestings\RestAssuredTest\RestTesting\src\main\resources
2024-06-27 13:00:27,599 [Worker-125: Building] INFO  o.e.m.c.i.embedder.EclipseLogger - Using 'UTF-8' encoding to copy filtered resources.
2024-06-27 13:00:27,599 [Worker-125: Building] INFO  o.e.m.c.i.embedder.EclipseLogger - skip non existing resourceDirectory D:\EclipseProjectTestings\RestAssuredTest\RestTesting\src\test\resources
2024-06-29 12:23:01,566 [Worker-167: Building] INFO  o.e.m.c.i.embedder.EclipseLogger - Using 'UTF-8' encoding to copy filtered resources.
2024-06-29 12:23:01,567 [Worker-167: Building] INFO  o.e.m.c.i.embedder.EclipseLogger - skip non existing resourceDirectory D:\EclipseProjectTestings\RestAssuredTest\RestTesting\src\main\resources
2024-06-29 12:23:01,568 [Worker-167: Building] INFO  o.e.m.c.i.embedder.EclipseLogger - Using 'UTF-8' encoding to copy filtered resources.
2024-06-29 12:23:01,568 [Worker-167: Building] INFO  o.e.m.c.i.embedder.EclipseLogger - skip non existing resourceDirectory D:\EclipseProjectTestings\RestAssuredTest\RestTesting\src\test\resources
2024-06-29 12:30:15,706 [Worker-171: Building] INFO  o.e.m.c.i.embedder.EclipseLogger - Using 'UTF-8' encoding to copy filtered resources.
2024-06-29 12:30:15,706 [Worker-171: Building] INFO  o.e.m.c.i.embedder.EclipseLogger - skip non existing resourceDirectory D:\EclipseProjectTestings\RestAssuredTest\RestTesting\src\main\resources
2024-06-29 12:30:15,707 [Worker-171: Building] INFO  o.e.m.c.i.embedder.EclipseLogger - Using 'UTF-8' encoding to copy filtered resources.
2024-06-29 12:30:15,708 [Worker-171: Building] INFO  o.e.m.c.i.embedder.EclipseLogger - skip non existing resourceDirectory D:\EclipseProjectTestings\RestAssuredTest\RestTesting\src\test\resources
2024-06-29 12:33:04,598 [Worker-173: Building] INFO  o.e.m.c.i.embedder.EclipseLogger - Using 'UTF-8' encoding to copy filtered resources.
2024-06-29 12:33:04,598 [Worker-173: Building] INFO  o.e.m.c.i.embedder.EclipseLogger - skip non existing resourceDirectory D:\EclipseProjectTestings\RestAssuredTest\RestTesting\src\main\resources
2024-06-29 12:33:04,600 [Worker-173: Building] INFO  o.e.m.c.i.embedder.EclipseLogger - Using 'UTF-8' encoding to copy filtered resources.
2024-06-29 12:33:04,600 [Worker-173: Building] INFO  o.e.m.c.i.embedder.EclipseLogger - skip non existing resourceDirectory D:\EclipseProjectTestings\RestAssuredTest\RestTesting\src\test\resources
2024-06-29 12:38:17,249 [Worker-173: Building] INFO  o.e.m.c.i.embedder.EclipseLogger - Using 'UTF-8' encoding to copy filtered resources.
2024-06-29 12:38:17,249 [Worker-173: Building] INFO  o.e.m.c.i.embedder.EclipseLogger - skip non existing resourceDirectory D:\EclipseProjectTestings\RestAssuredTest\RestTesting\src\main\resources
2024-06-29 12:38:17,251 [Worker-173: Building] INFO  o.e.m.c.i.embedder.EclipseLogger - Using 'UTF-8' encoding to copy filtered resources.
2024-06-29 12:38:17,251 [Worker-173: Building] INFO  o.e.m.c.i.embedder.EclipseLogger - skip non existing resourceDirectory D:\EclipseProjectTestings\RestAssuredTest\RestTesting\src\test\resources
2024-06-29 12:51:01,774 [Worker-180: Building] INFO  o.e.m.c.i.embedder.EclipseLogger - Using 'UTF-8' encoding to copy filtered resources.
2024-06-29 12:51:01,774 [Worker-180: Building] INFO  o.e.m.c.i.embedder.EclipseLogger - skip non existing resourceDirectory D:\EclipseProjectTestings\RestAssuredTest\RestTesting\src\main\resources
2024-06-29 12:51:01,776 [Worker-180: Building] INFO  o.e.m.c.i.embedder.EclipseLogger - Using 'UTF-8' encoding to copy filtered resources.
2024-06-29 12:51:01,776 [Worker-180: Building] INFO  o.e.m.c.i.embedder.EclipseLogger - skip non existing resourceDirectory D:\EclipseProjectTestings\RestAssuredTest\RestTesting\src\test\resources
2024-06-29 12:55:16,117 [Worker-181: Building] INFO  o.e.m.c.i.embedder.EclipseLogger - Using 'UTF-8' encoding to copy filtered resources.
2024-06-29 12:55:16,117 [Worker-181: Building] INFO  o.e.m.c.i.embedder.EclipseLogger - skip non existing resourceDirectory D:\EclipseProjectTestings\RestAssuredTest\RestTesting\src\main\resources
2024-06-29 12:55:16,118 [Worker-181: Building] INFO  o.e.m.c.i.embedder.EclipseLogger - Using 'UTF-8' encoding to copy filtered resources.
2024-06-29 12:55:16,119 [Worker-181: Building] INFO  o.e.m.c.i.embedder.EclipseLogger - skip non existing resourceDirectory D:\EclipseProjectTestings\RestAssuredTest\RestTesting\src\test\resources
2024-06-29 12:57:31,913 [Worker-184: Building] INFO  o.e.m.c.i.embedder.EclipseLogger - Using 'UTF-8' encoding to copy filtered resources.
2024-06-29 12:57:31,913 [Worker-184: Building] INFO  o.e.m.c.i.embedder.EclipseLogger - skip non existing resourceDirectory D:\EclipseProjectTestings\RestAssuredTest\RestTesting\src\main\resources
2024-06-29 12:57:31,915 [Worker-184: Building] INFO  o.e.m.c.i.embedder.EclipseLogger - Using 'UTF-8' encoding to copy filtered resources.
2024-06-29 12:57:31,915 [Worker-184: Building] INFO  o.e.m.c.i.embedder.EclipseLogger - skip non existing resourceDirectory D:\EclipseProjectTestings\RestAssuredTest\RestTesting\src\test\resources
2024-06-29 12:58:31,170 [Worker-183: Building] INFO  o.e.m.c.i.embedder.EclipseLogger - Using 'UTF-8' encoding to copy filtered resources.
2024-06-29 12:58:31,170 [Worker-183: Building] INFO  o.e.m.c.i.embedder.EclipseLogger - skip non existing resourceDirectory D:\EclipseProjectTestings\RestAssuredTest\RestTesting\src\main\resources
2024-06-29 12:58:31,171 [Worker-183: Building] INFO  o.e.m.c.i.embedder.EclipseLogger - Using 'UTF-8' encoding to copy filtered resources.
2024-06-29 12:58:31,171 [Worker-183: Building] INFO  o.e.m.c.i.embedder.EclipseLogger - skip non existing resourceDirectory D:\EclipseProjectTestings\RestAssuredTest\RestTesting\src\test\resources
2024-06-29 13:00:52,111 [Worker-183: Building] INFO  o.e.m.c.i.embedder.EclipseLogger - Using 'UTF-8' encoding to copy filtered resources.
2024-06-29 13:00:52,111 [Worker-183: Building] INFO  o.e.m.c.i.embedder.EclipseLogger - skip non existing resourceDirectory D:\EclipseProjectTestings\RestAssuredTest\RestTesting\src\main\resources
2024-06-29 13:00:52,113 [Worker-183: Building] INFO  o.e.m.c.i.embedder.EclipseLogger - Using 'UTF-8' encoding to copy filtered resources.
2024-06-29 13:00:52,113 [Worker-183: Building] INFO  o.e.m.c.i.embedder.EclipseLogger - skip non existing resourceDirectory D:\EclipseProjectTestings\RestAssuredTest\RestTesting\src\test\resources
2024-06-30 17:28:42,465 [Worker-205: Building] INFO  o.e.m.c.i.embedder.EclipseLogger - Using 'UTF-8' encoding to copy filtered resources.
2024-06-30 17:28:42,471 [Worker-205: Building] INFO  o.e.m.c.i.embedder.EclipseLogger - skip non existing resourceDirectory D:\EclipseProjectTestings\RestAssuredTest\RestTesting\src\main\resources
2024-06-30 17:28:42,474 [Worker-205: Building] INFO  o.e.m.c.i.embedder.EclipseLogger - Using 'UTF-8' encoding to copy filtered resources.
2024-06-30 17:28:42,474 [Worker-205: Building] INFO  o.e.m.c.i.embedder.EclipseLogger - skip non existing resourceDirectory D:\EclipseProjectTestings\RestAssuredTest\RestTesting\src\test\resources
2024-06-30 21:20:09,330 [Worker-234: Building] INFO  o.e.m.c.i.embedder.EclipseLogger - Using 'UTF-8' encoding to copy filtered resources.
2024-06-30 21:20:09,332 [Worker-234: Building] INFO  o.e.m.c.i.embedder.EclipseLogger - skip non existing resourceDirectory D:\EclipseProjectTestings\RestAssuredTest\RestTesting\src\main\resources
2024-06-30 21:20:09,336 [Worker-234: Building] INFO  o.e.m.c.i.embedder.EclipseLogger - Using 'UTF-8' encoding to copy filtered resources.
2024-06-30 21:20:09,336 [Worker-234: Building] INFO  o.e.m.c.i.embedder.EclipseLogger - skip non existing resourceDirectory D:\EclipseProjectTestings\RestAssuredTest\RestTesting\src\test\resources
